Log file open, 01/31/22 12:39:06
LogWindows: Failed to load 'aqProf.dll' (GetLastError=126)
LogWindows: File 'aqProf.dll' does not exist
LogWindows: Failed to load 'VtuneApi.dll' (GetLastError=126)
LogWindows: File 'VtuneApi.dll' does not exist
LogWindows: Failed to load 'VtuneApi32e.dll' (GetLastError=126)
LogWindows: File 'VtuneApi32e.dll' does not exist
LogConsoleResponse: Display: Failed to find resolution value strings in scalability ini. Falling back to default.
LogConsoleResponse: Display: Failed to find resolution value strings in scalability ini. Falling back to default.
LogInit: Display: Running engine for game: Murder_Mystery
LogPlatformFile: Not using cached read wrapper
LogTaskGraph: Started task graph with 5 named threads and 83 total threads with 3 sets of task threads.
LogStats: Stats thread started at 0.243751
LogICUInternationalization: ICU TimeZone Detection - Raw Offset: +0:00, Platform Override: ''
LogInit: Display: Loading text-based GConfig....
LogPluginManager: Mounting plugin MegascansPlugin
LogPluginManager: Mounting plugin MeshPainting
LogPluginManager: Mounting plugin XGEController
LogPluginManager: Mounting plugin Paper2D
LogPluginManager: Mounting plugin LiveLink
LogPluginManager: Mounting plugin AISupport
LogPluginManager: Mounting plugin EnvironmentQueryEditor
LogPluginManager: Mounting plugin LightPropagationVolume
LogPluginManager: Mounting plugin CameraShakePreviewer
LogPluginManager: Mounting plugin GameplayCameras
LogPluginManager: Mounting plugin OodleData
LogPluginManager: Mounting plugin OodleNetwork
LogPluginManager: Mounting plugin DataValidation
LogPluginManager: Mounting plugin AssetManagerEditor
LogPluginManager: Mounting plugin EditorScriptingUtilities
LogPluginManager: Mounting plugin CryptoKeys
LogPluginManager: Mounting plugin GeometryMode
LogPluginManager: Mounting plugin CurveEditorTools
LogPluginManager: Mounting plugin FacialAnimation
LogPluginManager: Mounting plugin MacGraphicsSwitching
LogPluginManager: Mounting plugin MaterialAnalyzer
LogPluginManager: Mounting plugin GameplayTagsEditor
LogPluginManager: Mounting plugin PluginBrowser
LogPluginManager: Mounting plugin MobileLauncherProfileWizard
LogPluginManager: Mounting plugin SpeedTreeImporter
LogPluginManager: Mounting plugin KDevelopSourceCodeAccess
LogPluginManager: Mounting plugin GitSourceControl
LogPluginManager: Mounting plugin AnimationSharing
LogPluginManager: Mounting plugin NullSourceCodeAccess
LogPluginManager: Mounting plugin CodeLiteSourceCodeAccess
LogPluginManager: Mounting plugin CLionSourceCodeAccess
LogPluginManager: Mounting plugin PlasticSourceControl
LogPluginManager: Mounting plugin PropertyAccessNode
LogPluginManager: Mounting plugin PluginUtils
LogPluginManager: Mounting plugin PerforceSourceControl
LogPluginManager: Mounting plugin Niagara
LogPluginManager: Mounting plugin PixWinPlugin
LogPluginManager: Mounting plugin AlembicImporter
LogPluginManager: Mounting plugin DatasmithContent
LogPluginManager: Mounting plugin RiderSourceCodeAccess
LogPluginManager: Mounting plugin AutomationUtils
LogPluginManager: Mounting plugin BackChannel
LogPluginManager: Mounting plugin SubversionSourceControl
LogPluginManager: Mounting plugin ChaosCloth
LogPluginManager: Mounting plugin TextureFormatOodle
LogPluginManager: Mounting plugin ChaosClothEditor
LogPluginManager: Mounting plugin ChaosEditor
LogPluginManager: Mounting plugin UObjectPlugin
LogPluginManager: Mounting plugin ChaosNiagara
LogPluginManager: Mounting plugin ChaosSolverPlugin
LogPluginManager: Mounting plugin CharacterAI
LogPluginManager: Mounting plugin VariantManagerContent
LogPluginManager: Mounting plugin VisualStudioSourceCodeAccess
LogPluginManager: Mounting plugin XCodeSourceCodeAccess
LogPluginManager: Mounting plugin VisualStudioCodeSourceCodeAccess
LogPluginManager: Mounting plugin GeometryCollectionPlugin
LogPluginManager: Mounting plugin GeometryProcessing
LogPluginManager: Mounting plugin GeometryCache
LogPluginManager: Mounting plugin MotoSynth
LogPluginManager: Mounting plugin PlanarCut
LogPluginManager: Mounting plugin PlatformCrypto
LogPluginManager: Mounting plugin ProxyLODPlugin
LogPluginManager: Mounting plugin SkeletalReduction
LogPluginManager: Mounting plugin OpenImageDenoise
LogPluginManager: Mounting plugin PythonScriptPlugin
LogPluginManager: Mounting plugin AndroidMedia
LogPluginManager: Mounting plugin MagicLeapPassableWorld
LogPluginManager: Mounting plugin LuminPlatformFeatures
LogPluginManager: Mounting plugin AvfMedia
LogPluginManager: Mounting plugin MagicLeapMedia
LogPluginManager: Mounting plugin MagicLeapLightEstimation
LogPluginManager: Mounting plugin MediaCompositing
LogPluginManager: Mounting plugin ImgMedia
LogPluginManager: Mounting plugin MediaPlayerEditor
LogPluginManager: Mounting plugin MagicLeap
LogPluginManager: Mounting plugin WebMMedia
LogPluginManager: Mounting plugin WmfMedia
LogPluginManager: Mounting plugin MLSDK
LogPluginManager: Mounting plugin TcpMessaging
LogPluginManager: Mounting plugin UdpMessaging
LogPluginManager: Mounting plugin ActorSequence
LogPluginManager: Mounting plugin MatineeToLevelSequence
LogPluginManager: Mounting plugin LevelSequenceEditor
LogPluginManager: Mounting plugin OnlineSubsystem
LogPluginManager: Mounting plugin TemplateSequence
LogPluginManager: Mounting plugin OnlineSubsystemUtils
LogPluginManager: Mounting plugin LauncherChunkInstaller
LogPluginManager: Mounting plugin ActorLayerUtilities
LogPluginManager: Mounting plugin OnlineSubsystemNull
LogPluginManager: Mounting plugin AndroidDeviceProfileSelector
LogPluginManager: Mounting plugin AndroidMoviePlayer
LogPluginManager: Mounting plugin AppleMoviePlayer
LogPluginManager: Mounting plugin AndroidPermission
LogPluginManager: Mounting plugin AppleImageUtils
LogPluginManager: Mounting plugin AudioCapture
LogPluginManager: Mounting plugin ArchVisCharacter
LogPluginManager: Mounting plugin AssetTags
LogPluginManager: Mounting plugin AudioSynesthesia
LogPluginManager: Mounting plugin CableComponent
LogPluginManager: Mounting plugin ChunkDownloader
LogPluginManager: Mounting plugin ExampleDeviceProfileSelector
LogPluginManager: Mounting plugin CustomMeshComponent
LogPluginManager: Mounting plugin GoogleCloudMessaging
LogPluginManager: Mounting plugin GooglePAD
LogPluginManager: Mounting plugin EditableMesh
LogPluginManager: Mounting plugin IOSDeviceProfileSelector
LogPluginManager: Mounting plugin LinuxDeviceProfileSelector
LogPluginManager: Mounting plugin LocationServicesBPLibrary
LogPluginManager: Mounting plugin MobilePatchingUtils
LogPluginManager: Mounting plugin ScreenshotTools
LogPluginManager: Mounting plugin OpenXR
LogPluginManager: Mounting plugin OpenXRHandTracking
LogPluginManager: Mounting plugin OpenXREyeTracker
LogPluginManager: Mounting plugin PostSplashScreen
LogPluginManager: Mounting plugin PhysXVehicles
LogPluginManager: Mounting plugin ProceduralMeshComponent
LogPluginManager: Mounting plugin PropertyAccessEditor
LogPluginManager: Mounting plugin RuntimePhysXCooking
LogPluginManager: Mounting plugin SignificanceManager
LogPluginManager: Mounting plugin SoundFields
LogPluginManager: Mounting plugin Synthesis
LogPluginManager: Mounting plugin WebMMoviePlayer
LogPluginManager: Mounting plugin WindowsMoviePlayer
LogPluginManager: Mounting plugin Takes
LogPluginManager: Mounting plugin ContentBrowserAssetDataSource
LogPluginManager: Mounting plugin ContentBrowserClassDataSource
LogPluginManager: Mounting plugin ContentBrowserFileDataSource
LogPluginManager: Mounting plugin OnlineSubsystemGooglePlay
LogPluginManager: Mounting plugin OnlineSubsystemIOS
LogPluginManager: Mounting plugin DatabaseSupport
LogPluginManager: Mounting plugin SQLiteCore
LogPluginManager: Mounting plugin SQLiteSupport
LogPluginManager: Mounting plugin OculusVR
LogPluginManager: Mounting plugin SteamVR
PixWinPlugin: PIX capture plugin failed to initialize! Check that the process is launched from PIX.
LogInit: Using libcurl 7.55.1-DEV
LogInit:  - built for x86_64-pc-win32
LogInit:  - supports SSL with OpenSSL/1.1.1
LogInit:  - supports HTTP deflate (compression) using libz 1.2.8
LogInit:  - other features:
LogInit:      CURL_VERSION_SSL
LogInit:      CURL_VERSION_LIBZ
LogInit:      CURL_VERSION_IPV6
LogInit:      CURL_VERSION_ASYNCHDNS
LogInit:      CURL_VERSION_LARGEFILE
LogInit:      CURL_VERSION_IDN
LogInit:  CurlRequestOptions (configurable via config and command line):
LogInit:  - bVerifyPeer = true  - Libcurl will verify peer certificate
LogInit:  - bUseHttpProxy = false  - Libcurl will NOT use HTTP proxy
LogInit:  - bDontReuseConnections = false  - Libcurl will reuse connections
LogInit:  - MaxHostConnections = 16  - Libcurl will limit the number of connections to a host
LogInit:  - LocalHostAddr = Default
LogInit:  - BufferSize = 65536
LogOnline: OSS: Creating online subsystem instance for: NULL
LogInit: WinSock: version 1.1 (2.2), MaxSocks=32767, MaxUdp=65467
LogOnline: OSS: TryLoadSubsystemAndSetDefault: Loaded subsystem for module [NULL]
LogOculusPluginWrapper: OculusPlugin initialized successfully
LogHMD: Failed initializing OVRPlugin 1.59.0
LogInit: Build: ++UE4+Release-4.27-CL-18319896
LogInit: Engine Version: 4.27.2-18319896+++UE4+Release-4.27
LogInit: Compatible Engine Version: 4.27.0-17155196+++UE4+Release-4.27
LogInit: Net CL: 17155196
LogInit: OS: Windows 10 (Release 2009) (), CPU: AMD Ryzen Threadripper 3970X 32-Core Processor , GPU: NVIDIA GeForce RTX 3090
LogInit: Compiled (64-bit): Nov 30 2021 07:12:08
LogInit: Compiled with Visual C++: 19.24.28315.00
LogInit: Build Configuration: Development
LogInit: Branch Name: ++UE4+Release-4.27
LogInit: Command Line: 
LogInit: Base Directory: C:/Program Files/Epic Games/UE_4.27/Engine/Binaries/Win64/
LogInit: Allocator: TBB
LogInit: Installed Engine Build: 1
LogDevObjectVersion: Number of dev versions registered: 29
LogDevObjectVersion:   Dev-Blueprints (B0D832E4-1F89-4F0D-ACCF-7EB736FD4AA2): 10
LogDevObjectVersion:   Dev-Build (E1C64328-A22C-4D53-A36C-8E866417BD8C): 0
LogDevObjectVersion:   Dev-Core (375EC13C-06E4-48FB-B500-84F0262A717E): 4
LogDevObjectVersion:   Dev-Editor (E4B068ED-F494-42E9-A231-DA0B2E46BB41): 40
LogDevObjectVersion:   Dev-Framework (CFFC743F-43B0-4480-9391-14DF171D2073): 37
LogDevObjectVersion:   Dev-Mobile (B02B49B5-BB20-44E9-A304-32B752E40360): 3
LogDevObjectVersion:   Dev-Networking (A4E4105C-59A1-49B5-A7C5-40C4547EDFEE): 0
LogDevObjectVersion:   Dev-Online (39C831C9-5AE6-47DC-9A44-9C173E1C8E7C): 0
LogDevObjectVersion:   Dev-Physics (78F01B33-EBEA-4F98-B9B4-84EACCB95AA2): 14
LogDevObjectVersion:   Dev-Platform (6631380F-2D4D-43E0-8009-CF276956A95A): 0
LogDevObjectVersion:   Dev-Rendering (12F88B9F-8875-4AFC-A67C-D90C383ABD29): 45
LogDevObjectVersion:   Dev-Sequencer (7B5AE74C-D270-4C10-A958-57980B212A5A): 13
LogDevObjectVersion:   Dev-VR (D7296918-1DD6-4BDD-9DE2-64A83CC13884): 3
LogDevObjectVersion:   Dev-LoadTimes (C2A15278-BFE7-4AFE-6C17-90FF531DF755): 1
LogDevObjectVersion:   Private-Geometry (6EACA3D4-40EC-4CC1-B786-8BED09428FC5): 3
LogDevObjectVersion:   Dev-AnimPhys (29E575DD-E0A3-4627-9D10-D276232CDCEA): 17
LogDevObjectVersion:   Dev-Anim (AF43A65D-7FD3-4947-9873-3E8ED9C1BB05): 15
LogDevObjectVersion:   Dev-ReflectionCapture (6B266CEC-1EC7-4B8F-A30B-E4D90942FC07): 1
LogDevObjectVersion:   Dev-Automation (0DF73D61-A23F-47EA-B727-89E90C41499A): 1
LogDevObjectVersion:   FortniteMain (601D1886-AC64-4F84-AA16-D3DE0DEAC7D6): 47
LogDevObjectVersion:   FortniteRelease (E7086368-6B23-4C58-8439-1B7016265E91): 1
LogDevObjectVersion:   Dev-Enterprise (9DFFBCD6-494F-0158-E221-12823C92A888): 10
LogDevObjectVersion:   Dev-Niagara (F2AED0AC-9AFE-416F-8664-AA7FFA26D6FC): 1
LogDevObjectVersion:   Dev-Destruction (174F1F0B-B4C6-45A5-B13F-2EE8D0FB917D): 10
LogDevObjectVersion:   Dev-Physics-Ext (35F94A83-E258-406C-A318-09F59610247C): 41
LogDevObjectVersion:   Dev-PhysicsMaterial-Chaos (B68FC16E-8B1B-42E2-B453-215C058844FE): 1
LogDevObjectVersion:   Dev-CineCamera (B2E18506-4273-CFC2-A54E-F4BB758BBA07): 1
LogDevObjectVersion:   Dev-VirtualProduction (64F58936-FD1B-42BA-BA96-7289D5D0FA4E): 1
LogDevObjectVersion:   Dev-MediaFramework (6F0ED827-A609-4895-9C91-998D90180EA4): 2
LogInit: Presizing for max 25165824 objects, including 0 objects not considered by GC, pre-allocating 0 bytes for permanent pool.
LogConfig: Applying CVar settings from Section [/Script/Engine.StreamingSettings] File [E:/MurderMystery_2.0/Team-I/Murder_Mystery/Saved/Config/Windows/Engine.ini]
LogConfig: Setting CVar [[s.MinBulkDataSizeForAsyncLoading:131072]]
LogConfig: Setting CVar [[s.AsyncLoadingThreadEnabled:0]]
LogConfig: Setting CVar [[s.EventDrivenLoaderEnabled:1]]
LogConfig: Setting CVar [[s.WarnIfTimeLimitExceeded:0]]
LogConfig: Setting CVar [[s.TimeLimitExceededMultiplier:1.5]]
LogConfig: Setting CVar [[s.TimeLimitExceededMinTime:0.005]]
LogConfig: Setting CVar [[s.UseBackgroundLevelStreaming:1]]
LogConfig: Setting CVar [[s.PriorityAsyncLoadingExtraTime:15.0]]
LogConfig: Setting CVar [[s.LevelStreamingActorsUpdateTimeLimit:5.0]]
LogConfig: Setting CVar [[s.PriorityLevelStreamingActorsUpdateExtraTime:5.0]]
LogConfig: Setting CVar [[s.LevelStreamingComponentsRegistrationGranularity:10]]
LogConfig: Setting CVar [[s.UnregisterComponentsTimeLimit:1.0]]
LogConfig: Setting CVar [[s.LevelStreamingComponentsUnregistrationGranularity:5]]
LogConfig: Setting CVar [[s.FlushStreamingOnExit:1]]
LogInit: Object subsystem initialized
LogConfig: Setting CVar [[con.DebugEarlyDefault:1]]
LogConfig: Setting CVar [[r.setres:1280x720]]
[2022.01.31-12.39.06:709][  0]LogConfig: Setting CVar [[r.VSync:0]]
[2022.01.31-12.39.06:709][  0]LogConfig: Setting CVar [[r.RHICmdBypass:0]]
[2022.01.31-12.39.06:709][  0]LogConfig: Applying CVar settings from Section [/Script/Engine.RendererSettings] File [E:/MurderMystery_2.0/Team-I/Murder_Mystery/Saved/Config/Windows/Engine.ini]
[2022.01.31-12.39.06:709][  0]LogConfig: Setting CVar [[r.GPUCrashDebugging:0]]
[2022.01.31-12.39.06:709][  0]LogConfig: Applying CVar settings from Section [/Script/Engine.RendererOverrideSettings] File [E:/MurderMystery_2.0/Team-I/Murder_Mystery/Saved/Config/Windows/Engine.ini]
[2022.01.31-12.39.06:709][  0]LogConfig: Applying CVar settings from Section [/Script/Engine.StreamingSettings] File [E:/MurderMystery_2.0/Team-I/Murder_Mystery/Saved/Config/Windows/Engine.ini]
[2022.01.31-12.39.06:709][  0]LogConfig: Setting CVar [[s.MinBulkDataSizeForAsyncLoading:131072]]
[2022.01.31-12.39.06:709][  0]LogConfig: Setting CVar [[s.AsyncLoadingThreadEnabled:0]]
[2022.01.31-12.39.06:709][  0]LogConfig: Setting CVar [[s.EventDrivenLoaderEnabled:1]]
[2022.01.31-12.39.06:709][  0]LogConfig: Setting CVar [[s.WarnIfTimeLimitExceeded:0]]
[2022.01.31-12.39.06:709][  0]LogConfig: Setting CVar [[s.TimeLimitExceededMultiplier:1.5]]
[2022.01.31-12.39.06:709][  0]LogConfig: Setting CVar [[s.TimeLimitExceededMinTime:0.005]]
[2022.01.31-12.39.06:709][  0]LogConfig: Setting CVar [[s.UseBackgroundLevelStreaming:1]]
[2022.01.31-12.39.06:709][  0]LogConfig: Setting CVar [[s.PriorityAsyncLoadingExtraTime:15.0]]
[2022.01.31-12.39.06:709][  0]LogConfig: Setting CVar [[s.LevelStreamingActorsUpdateTimeLimit:5.0]]
[2022.01.31-12.39.06:709][  0]LogConfig: Setting CVar [[s.PriorityLevelStreamingActorsUpdateExtraTime:5.0]]
[2022.01.31-12.39.06:709][  0]LogConfig: Setting CVar [[s.LevelStreamingComponentsRegistrationGranularity:10]]
[2022.01.31-12.39.06:709][  0]LogConfig: Setting CVar [[s.UnregisterComponentsTimeLimit:1.0]]
[2022.01.31-12.39.06:709][  0]LogConfig: Setting CVar [[s.LevelStreamingComponentsUnregistrationGranularity:5]]
[2022.01.31-12.39.06:709][  0]LogConfig: Setting CVar [[s.FlushStreamingOnExit:1]]
[2022.01.31-12.39.06:709][  0]LogConfig: Applying CVar settings from Section [/Script/Engine.GarbageCollectionSettings] File [E:/MurderMystery_2.0/Team-I/Murder_Mystery/Saved/Config/Windows/Engine.ini]
[2022.01.31-12.39.06:709][  0]LogConfig: Setting CVar [[gc.MaxObjectsNotConsideredByGC:1]]
[2022.01.31-12.39.06:709][  0]LogConfig: Setting CVar [[gc.SizeOfPermanentObjectPool:0]]
[2022.01.31-12.39.06:709][  0]LogConfig: Setting CVar [[gc.FlushStreamingOnGC:0]]
[2022.01.31-12.39.06:709][  0]LogConfig: Setting CVar [[gc.NumRetriesBeforeForcingGC:10]]
[2022.01.31-12.39.06:709][  0]LogConfig: Setting CVar [[gc.AllowParallelGC:1]]
[2022.01.31-12.39.06:709][  0]LogConfig: Setting CVar [[gc.TimeBetweenPurgingPendingKillObjects:61.1]]
[2022.01.31-12.39.06:709][  0]LogConfig: Setting CVar [[gc.MaxObjectsInEditor:25165824]]
[2022.01.31-12.39.06:709][  0]LogConfig: Setting CVar [[gc.IncrementalBeginDestroyEnabled:1]]
[2022.01.31-12.39.06:709][  0]LogConfig: Setting CVar [[gc.CreateGCClusters:1]]
[2022.01.31-12.39.06:709][  0]LogConfig: Setting CVar [[gc.MinGCClusterSize:5]]
[2022.01.31-12.39.06:709][  0]LogConfig: Setting CVar [[gc.ActorClusteringEnabled:0]]
[2022.01.31-12.39.06:709][  0]LogConfig: Setting CVar [[gc.BlueprintClusteringEnabled:0]]
[2022.01.31-12.39.06:709][  0]LogConfig: Setting CVar [[gc.UseDisregardForGCOnDedicatedServers:0]]
[2022.01.31-12.39.06:709][  0]LogConfig: Setting CVar [[gc.MultithreadedDestructionEnabled:1]]
[2022.01.31-12.39.06:709][  0]LogConfig: Applying CVar settings from Section [/Script/Engine.NetworkSettings] File [E:/MurderMystery_2.0/Team-I/Murder_Mystery/Saved/Config/Windows/Engine.ini]
[2022.01.31-12.39.06:709][  0]LogConfig: Applying CVar settings from Section [/Script/UnrealEd.CookerSettings] File [E:/MurderMystery_2.0/Team-I/Murder_Mystery/Saved/Config/Windows/Engine.ini]
[2022.01.31-12.39.06:775][  0]LogConfig: Applying CVar settings from Section [ViewDistanceQuality@3] File [E:/MurderMystery_2.0/Team-I/Murder_Mystery/Saved/Config/Windows/Scalability.ini]
[2022.01.31-12.39.06:775][  0]LogConfig: Setting CVar [[r.SkeletalMeshLODBias:0]]
[2022.01.31-12.39.06:775][  0]LogConfig: Setting CVar [[r.ViewDistanceScale:1.0]]
[2022.01.31-12.39.06:775][  0]LogConfig: Applying CVar settings from Section [AntiAliasingQuality@3] File [E:/MurderMystery_2.0/Team-I/Murder_Mystery/Saved/Config/Windows/Scalability.ini]
[2022.01.31-12.39.06:775][  0]LogConfig: Setting CVar [[r.PostProcessAAQuality:4]]
[2022.01.31-12.39.06:775][  0]LogConfig: Applying CVar settings from Section [ShadowQuality@3] File [E:/MurderMystery_2.0/Team-I/Murder_Mystery/Saved/Config/Windows/Scalability.ini]
[2022.01.31-12.39.06:775][  0]LogConfig: Setting CVar [[r.LightFunctionQuality:1]]
[2022.01.31-12.39.06:775][  0]LogConfig: Setting CVar [[r.ShadowQuality:5]]
[2022.01.31-12.39.06:775][  0]LogConfig: Setting CVar [[r.Shadow.CSM.MaxCascades:10]]
[2022.01.31-12.39.06:775][  0]LogConfig: Setting CVar [[r.Shadow.MaxResolution:2048]]
[2022.01.31-12.39.06:775][  0]LogConfig: Setting CVar [[r.Shadow.MaxCSMResolution:2048]]
[2022.01.31-12.39.06:775][  0]LogConfig: Setting CVar [[r.Shadow.RadiusThreshold:0.01]]
[2022.01.31-12.39.06:775][  0]LogConfig: Setting CVar [[r.Shadow.DistanceScale:1.0]]
[2022.01.31-12.39.06:775][  0]LogConfig: Setting CVar [[r.Shadow.CSM.TransitionScale:1.0]]
[2022.01.31-12.39.06:775][  0]LogConfig: Setting CVar [[r.Shadow.PreShadowResolutionFactor:1.0]]
[2022.01.31-12.39.06:775][  0]LogConfig: Setting CVar [[r.DistanceFieldShadowing:1]]
[2022.01.31-12.39.06:775][  0]LogConfig: Setting CVar [[r.DistanceFieldAO:1]]
[2022.01.31-12.39.06:775][  0]LogConfig: Setting CVar [[r.AOQuality:2]]
[2022.01.31-12.39.06:775][  0]LogConfig: Setting CVar [[r.VolumetricFog:1]]
[2022.01.31-12.39.06:775][  0]LogConfig: Setting CVar [[r.VolumetricFog.GridPixelSize:8]]
[2022.01.31-12.39.06:775][  0]LogConfig: Setting CVar [[r.VolumetricFog.GridSizeZ:128]]
[2022.01.31-12.39.06:775][  0]LogConfig: Setting CVar [[r.VolumetricFog.HistoryMissSupersampleCount:4]]
[2022.01.31-12.39.06:775][  0]LogConfig: Setting CVar [[r.LightMaxDrawDistanceScale:1]]
[2022.01.31-12.39.06:775][  0]LogConfig: Setting CVar [[r.CapsuleShadows:1]]
[2022.01.31-12.39.06:775][  0]LogConfig: Applying CVar settings from Section [PostProcessQuality@3] File [E:/MurderMystery_2.0/Team-I/Murder_Mystery/Saved/Config/Windows/Scalability.ini]
[2022.01.31-12.39.06:775][  0]LogConfig: Setting CVar [[r.MotionBlurQuality:4]]
[2022.01.31-12.39.06:775][  0]LogConfig: Setting CVar [[r.AmbientOcclusionMipLevelFactor:0.4]]
[2022.01.31-12.39.06:775][  0]LogConfig: Setting CVar [[r.AmbientOcclusionMaxQuality:100]]
[2022.01.31-12.39.06:775][  0]LogConfig: Setting CVar [[r.AmbientOcclusionLevels:-1]]
[2022.01.31-12.39.06:775][  0]LogConfig: Setting CVar [[r.AmbientOcclusionRadiusScale:1.0]]
[2022.01.31-12.39.06:775][  0]LogConfig: Setting CVar [[r.DepthOfFieldQuality:2]]
[2022.01.31-12.39.06:775][  0]LogConfig: Setting CVar [[r.RenderTargetPoolMin:400]]
[2022.01.31-12.39.06:775][  0]LogConfig: Setting CVar [[r.LensFlareQuality:2]]
[2022.01.31-12.39.06:775][  0]LogConfig: Setting CVar [[r.SceneColorFringeQuality:1]]
[2022.01.31-12.39.06:775][  0]LogConfig: Setting CVar [[r.EyeAdaptationQuality:2]]
[2022.01.31-12.39.06:775][  0]LogConfig: Setting CVar [[r.BloomQuality:5]]
[2022.01.31-12.39.06:775][  0]LogConfig: Setting CVar [[r.FastBlurThreshold:100]]
[2022.01.31-12.39.06:775][  0]LogConfig: Setting CVar [[r.Upscale.Quality:3]]
[2022.01.31-12.39.06:776][  0]LogConfig: Setting CVar [[r.Tonemapper.GrainQuantization:1]]
[2022.01.31-12.39.06:776][  0]LogConfig: Setting CVar [[r.LightShaftQuality:1]]
[2022.01.31-12.39.06:776][  0]LogConfig: Setting CVar [[r.Filter.SizeScale:1]]
[2022.01.31-12.39.06:776][  0]LogConfig: Setting CVar [[r.Tonemapper.Quality:5]]
[2022.01.31-12.39.06:776][  0]LogConfig: Setting CVar [[r.DOF.Gather.AccumulatorQuality:1        ; higher gathering accumulator quality]]
[2022.01.31-12.39.06:776][  0]LogConfig: Setting CVar [[r.DOF.Gather.PostfilterMethod:1          ; Median3x3 postfilering method]]
[2022.01.31-12.39.06:776][  0]LogConfig: Setting CVar [[r.DOF.Gather.EnableBokehSettings:0       ; no bokeh simulation when gathering]]
[2022.01.31-12.39.06:776][  0]LogConfig: Setting CVar [[r.DOF.Gather.RingCount:4                 ; medium number of samples when gathering]]
[2022.01.31-12.39.06:776][  0]LogConfig: Setting CVar [[r.DOF.Scatter.ForegroundCompositing:1    ; additive foreground scattering]]
[2022.01.31-12.39.06:776][  0]LogConfig: Setting CVar [[r.DOF.Scatter.BackgroundCompositing:2    ; additive background scattering]]
[2022.01.31-12.39.06:776][  0]LogConfig: Setting CVar [[r.DOF.Scatter.EnableBokehSettings:1      ; bokeh simulation when scattering]]
[2022.01.31-12.39.06:776][  0]LogConfig: Setting CVar [[r.DOF.Scatter.MaxSpriteRatio:0.1         ; only a maximum of 10% of scattered bokeh]]
[2022.01.31-12.39.06:776][  0]LogConfig: Setting CVar [[r.DOF.Recombine.Quality:1                ; cheap slight out of focus]]
[2022.01.31-12.39.06:776][  0]LogConfig: Setting CVar [[r.DOF.Recombine.EnableBokehSettings:0    ; no bokeh simulation on slight out of focus]]
[2022.01.31-12.39.06:776][  0]LogConfig: Setting CVar [[r.DOF.TemporalAAQuality:1                ; more stable temporal accumulation]]
[2022.01.31-12.39.06:776][  0]LogConfig: Setting CVar [[r.DOF.Kernel.MaxForegroundRadius:0.025]]
[2022.01.31-12.39.06:776][  0]LogConfig: Setting CVar [[r.DOF.Kernel.MaxBackgroundRadius:0.025]]
[2022.01.31-12.39.06:776][  0]LogConfig: Applying CVar settings from Section [TextureQuality@3] File [E:/MurderMystery_2.0/Team-I/Murder_Mystery/Saved/Config/Windows/Scalability.ini]
[2022.01.31-12.39.06:776][  0]LogConfig: Setting CVar [[r.Streaming.MipBias:0]]
[2022.01.31-12.39.06:776][  0]LogConfig: Setting CVar [[r.Streaming.AmortizeCPUToGPUCopy:0]]
[2022.01.31-12.39.06:776][  0]LogConfig: Setting CVar [[r.Streaming.MaxNumTexturesToStreamPerFrame:0]]
[2022.01.31-12.39.06:776][  0]LogConfig: Setting CVar [[r.Streaming.Boost:1]]
[2022.01.31-12.39.06:776][  0]LogConfig: Setting CVar [[r.MaxAnisotropy:8]]
[2022.01.31-12.39.06:776][  0]LogConfig: Setting CVar [[r.VT.MaxAnisotropy:8]]
[2022.01.31-12.39.06:776][  0]LogConfig: Setting CVar [[r.Streaming.LimitPoolSizeToVRAM:0]]
[2022.01.31-12.39.06:776][  0]LogConfig: Setting CVar [[r.Streaming.PoolSize:5000]]
[2022.01.31-12.39.06:776][  0]LogConfig: Setting CVar [[r.Streaming.MaxEffectiveScreenSize:0]]
[2022.01.31-12.39.06:776][  0]LogConfig: Applying CVar settings from Section [EffectsQuality@3] File [E:/MurderMystery_2.0/Team-I/Murder_Mystery/Saved/Config/Windows/Scalability.ini]
[2022.01.31-12.39.06:776][  0]LogConfig: Setting CVar [[r.TranslucencyLightingVolumeDim:64]]
[2022.01.31-12.39.06:776][  0]LogConfig: Setting CVar [[r.RefractionQuality:2]]
[2022.01.31-12.39.06:776][  0]LogConfig: Setting CVar [[r.SSR.Quality:3]]
[2022.01.31-12.39.06:776][  0]LogConfig: Setting CVar [[r.SSR.HalfResSceneColor:0]]
[2022.01.31-12.39.06:776][  0]LogConfig: Setting CVar [[r.SceneColorFormat:4]]
[2022.01.31-12.39.06:776][  0]LogConfig: Setting CVar [[r.DetailMode:2]]
[2022.01.31-12.39.06:776][  0]LogConfig: Setting CVar [[r.TranslucencyVolumeBlur:1]]
[2022.01.31-12.39.06:776][  0]LogConfig: Setting CVar [[r.MaterialQualityLevel:1 ; High quality]]
[2022.01.31-12.39.06:776][  0]LogConfig: Setting CVar [[r.AnisotropicMaterials:1]]
[2022.01.31-12.39.06:776][  0]LogConfig: Setting CVar [[r.SSS.Scale:1]]
[2022.01.31-12.39.06:776][  0]LogConfig: Setting CVar [[r.SSS.SampleSet:2]]
[2022.01.31-12.39.06:776][  0]LogConfig: Setting CVar [[r.SSS.Quality:1]]
[2022.01.31-12.39.06:776][  0]LogConfig: Setting CVar [[r.SSS.HalfRes:0]]
[2022.01.31-12.39.06:776][  0]LogConfig: Setting CVar [[r.SSGI.Quality:3]]
[2022.01.31-12.39.06:776][  0]LogConfig: Setting CVar [[r.EmitterSpawnRateScale:1.0]]
[2022.01.31-12.39.06:776][  0]LogConfig: Setting CVar [[r.ParticleLightQuality:2]]
[2022.01.31-12.39.06:776][  0]LogConfig: Setting CVar [[r.SkyAtmosphere.AerialPerspectiveLUT.FastApplyOnOpaque:1 ; Always have FastSkyLUT 1 in this case to avoid wrong sky]]
[2022.01.31-12.39.06:776][  0]LogConfig: Setting CVar [[r.SkyAtmosphere.AerialPerspectiveLUT.SampleCountMaxPerSlice:4]]
[2022.01.31-12.39.06:776][  0]LogConfig: Setting CVar [[r.SkyAtmosphere.AerialPerspectiveLUT.DepthResolution:16.0]]
[2022.01.31-12.39.06:776][  0]LogConfig: Setting CVar [[r.SkyAtmosphere.FastSkyLUT:1]]
[2022.01.31-12.39.06:776][  0]LogConfig: Setting CVar [[r.SkyAtmosphere.FastSkyLUT.SampleCountMin:4.0]]
[2022.01.31-12.39.06:776][  0]LogConfig: Setting CVar [[r.SkyAtmosphere.FastSkyLUT.SampleCountMax:128.0]]
[2022.01.31-12.39.06:776][  0]LogConfig: Setting CVar [[r.SkyAtmosphere.SampleCountMin:4.0]]
[2022.01.31-12.39.06:776][  0]LogConfig: Setting CVar [[r.SkyAtmosphere.SampleCountMax:128.0]]
[2022.01.31-12.39.06:776][  0]LogConfig: Setting CVar [[r.SkyAtmosphere.TransmittanceLUT.UseSmallFormat:0]]
[2022.01.31-12.39.06:776][  0]LogConfig: Setting CVar [[r.SkyAtmosphere.TransmittanceLUT.SampleCount:10.0]]
[2022.01.31-12.39.06:776][  0]LogConfig: Setting CVar [[r.SkyAtmosphere.MultiScatteringLUT.SampleCount:15.0]]
[2022.01.31-12.39.06:776][  0]LogConfig: Setting CVar [[r.SkyLight.RealTimeReflectionCapture:1]]
[2022.01.31-12.39.06:776][  0]LogConfig: Applying CVar settings from Section [FoliageQuality@3] File [E:/MurderMystery_2.0/Team-I/Murder_Mystery/Saved/Config/Windows/Scalability.ini]
[2022.01.31-12.39.06:776][  0]LogConfig: Setting CVar [[foliage.DensityScale:1.0]]
[2022.01.31-12.39.06:776][  0]LogConfig: Setting CVar [[grass.DensityScale:1.0]]
[2022.01.31-12.39.06:776][  0]LogConfig: Applying CVar settings from Section [ShadingQuality@3] File [E:/MurderMystery_2.0/Team-I/Murder_Mystery/Saved/Config/Windows/Scalability.ini]
[2022.01.31-12.39.06:776][  0]LogConfig: Setting CVar [[r.HairStrands.SkyLighting.IntegrationType:2]]
[2022.01.31-12.39.06:776][  0]LogConfig: Setting CVar [[r.HairStrands.SkyAO.SampleCount:4]]
[2022.01.31-12.39.06:776][  0]LogConfig: Setting CVar [[r.HairStrands.Visibility.MSAA.SamplePerPixel:4]]
[2022.01.31-12.39.06:776][  0]LogInit: Selected Device Profile: [Windows]
[2022.01.31-12.39.06:776][  0]LogInit: Applying CVar settings loaded from the selected device profile: [Windows]
[2022.01.31-12.39.06:776][  0]LogHAL: Display: Platform has ~ 128 GB [137306841088 / 137438953472 / 128], which maps to Largest [LargestMinGB=32, LargerMinGB=12, DefaultMinGB=8, SmallerMinGB=6, SmallestMinGB=0)
[2022.01.31-12.39.06:776][  0]LogInit: Going up to parent DeviceProfile []
[2022.01.31-12.39.06:776][  0]LogConfig: Applying CVar settings from Section [ViewDistanceQuality@3] File [E:/MurderMystery_2.0/Team-I/Murder_Mystery/Saved/Config/Windows/Scalability.ini]
[2022.01.31-12.39.06:776][  0]LogConfig: Setting CVar [[r.SkeletalMeshLODBias:0]]
[2022.01.31-12.39.06:776][  0]LogConfig: Setting CVar [[r.ViewDistanceScale:1.0]]
[2022.01.31-12.39.06:776][  0]LogConfig: Applying CVar settings from Section [AntiAliasingQuality@3] File [E:/MurderMystery_2.0/Team-I/Murder_Mystery/Saved/Config/Windows/Scalability.ini]
[2022.01.31-12.39.06:776][  0]LogConfig: Setting CVar [[r.PostProcessAAQuality:4]]
[2022.01.31-12.39.06:776][  0]LogConfig: Applying CVar settings from Section [ShadowQuality@3] File [E:/MurderMystery_2.0/Team-I/Murder_Mystery/Saved/Config/Windows/Scalability.ini]
[2022.01.31-12.39.06:776][  0]LogConfig: Setting CVar [[r.LightFunctionQuality:1]]
[2022.01.31-12.39.06:776][  0]LogConfig: Setting CVar [[r.ShadowQuality:5]]
[2022.01.31-12.39.06:776][  0]LogConfig: Setting CVar [[r.Shadow.CSM.MaxCascades:10]]
[2022.01.31-12.39.06:776][  0]LogConfig: Setting CVar [[r.Shadow.MaxResolution:2048]]
[2022.01.31-12.39.06:776][  0]LogConfig: Setting CVar [[r.Shadow.MaxCSMResolution:2048]]
[2022.01.31-12.39.06:776][  0]LogConfig: Setting CVar [[r.Shadow.RadiusThreshold:0.01]]
[2022.01.31-12.39.06:776][  0]LogConfig: Setting CVar [[r.Shadow.DistanceScale:1.0]]
[2022.01.31-12.39.06:776][  0]LogConfig: Setting CVar [[r.Shadow.CSM.TransitionScale:1.0]]
[2022.01.31-12.39.06:776][  0]LogConfig: Setting CVar [[r.Shadow.PreShadowResolutionFactor:1.0]]
[2022.01.31-12.39.06:776][  0]LogConfig: Setting CVar [[r.DistanceFieldShadowing:1]]
[2022.01.31-12.39.06:776][  0]LogConfig: Setting CVar [[r.DistanceFieldAO:1]]
[2022.01.31-12.39.06:776][  0]LogConfig: Setting CVar [[r.AOQuality:2]]
[2022.01.31-12.39.06:776][  0]LogConfig: Setting CVar [[r.VolumetricFog:1]]
[2022.01.31-12.39.06:776][  0]LogConfig: Setting CVar [[r.VolumetricFog.GridPixelSize:8]]
[2022.01.31-12.39.06:776][  0]LogConfig: Setting CVar [[r.VolumetricFog.GridSizeZ:128]]
[2022.01.31-12.39.06:776][  0]LogConfig: Setting CVar [[r.VolumetricFog.HistoryMissSupersampleCount:4]]
[2022.01.31-12.39.06:776][  0]LogConfig: Setting CVar [[r.LightMaxDrawDistanceScale:1]]
[2022.01.31-12.39.06:776][  0]LogConfig: Setting CVar [[r.CapsuleShadows:1]]
[2022.01.31-12.39.06:776][  0]LogConfig: Applying CVar settings from Section [PostProcessQuality@3] File [E:/MurderMystery_2.0/Team-I/Murder_Mystery/Saved/Config/Windows/Scalability.ini]
[2022.01.31-12.39.06:776][  0]LogConfig: Setting CVar [[r.MotionBlurQuality:4]]
[2022.01.31-12.39.06:776][  0]LogConfig: Setting CVar [[r.AmbientOcclusionMipLevelFactor:0.4]]
[2022.01.31-12.39.06:777][  0]LogConfig: Setting CVar [[r.AmbientOcclusionMaxQuality:100]]
[2022.01.31-12.39.06:777][  0]LogConfig: Setting CVar [[r.AmbientOcclusionLevels:-1]]
[2022.01.31-12.39.06:777][  0]LogConfig: Setting CVar [[r.AmbientOcclusionRadiusScale:1.0]]
[2022.01.31-12.39.06:777][  0]LogConfig: Setting CVar [[r.DepthOfFieldQuality:2]]
[2022.01.31-12.39.06:777][  0]LogConfig: Setting CVar [[r.RenderTargetPoolMin:400]]
[2022.01.31-12.39.06:777][  0]LogConfig: Setting CVar [[r.LensFlareQuality:2]]
[2022.01.31-12.39.06:777][  0]LogConfig: Setting CVar [[r.SceneColorFringeQuality:1]]
[2022.01.31-12.39.06:777][  0]LogConfig: Setting CVar [[r.EyeAdaptationQuality:2]]
[2022.01.31-12.39.06:777][  0]LogConfig: Setting CVar [[r.BloomQuality:5]]
[2022.01.31-12.39.06:777][  0]LogConfig: Setting CVar [[r.FastBlurThreshold:100]]
[2022.01.31-12.39.06:777][  0]LogConfig: Setting CVar [[r.Upscale.Quality:3]]
[2022.01.31-12.39.06:777][  0]LogConfig: Setting CVar [[r.Tonemapper.GrainQuantization:1]]
[2022.01.31-12.39.06:777][  0]LogConfig: Setting CVar [[r.LightShaftQuality:1]]
[2022.01.31-12.39.06:777][  0]LogConfig: Setting CVar [[r.Filter.SizeScale:1]]
[2022.01.31-12.39.06:777][  0]LogConfig: Setting CVar [[r.Tonemapper.Quality:5]]
[2022.01.31-12.39.06:777][  0]LogConfig: Setting CVar [[r.DOF.Gather.AccumulatorQuality:1        ; higher gathering accumulator quality]]
[2022.01.31-12.39.06:777][  0]LogConfig: Setting CVar [[r.DOF.Gather.PostfilterMethod:1          ; Median3x3 postfilering method]]
[2022.01.31-12.39.06:777][  0]LogConfig: Setting CVar [[r.DOF.Gather.EnableBokehSettings:0       ; no bokeh simulation when gathering]]
[2022.01.31-12.39.06:777][  0]LogConfig: Setting CVar [[r.DOF.Gather.RingCount:4                 ; medium number of samples when gathering]]
[2022.01.31-12.39.06:777][  0]LogConfig: Setting CVar [[r.DOF.Scatter.ForegroundCompositing:1    ; additive foreground scattering]]
[2022.01.31-12.39.06:777][  0]LogConfig: Setting CVar [[r.DOF.Scatter.BackgroundCompositing:2    ; additive background scattering]]
[2022.01.31-12.39.06:777][  0]LogConfig: Setting CVar [[r.DOF.Scatter.EnableBokehSettings:1      ; bokeh simulation when scattering]]
[2022.01.31-12.39.06:777][  0]LogConfig: Setting CVar [[r.DOF.Scatter.MaxSpriteRatio:0.1         ; only a maximum of 10% of scattered bokeh]]
[2022.01.31-12.39.06:777][  0]LogConfig: Setting CVar [[r.DOF.Recombine.Quality:1                ; cheap slight out of focus]]
[2022.01.31-12.39.06:777][  0]LogConfig: Setting CVar [[r.DOF.Recombine.EnableBokehSettings:0    ; no bokeh simulation on slight out of focus]]
[2022.01.31-12.39.06:777][  0]LogConfig: Setting CVar [[r.DOF.TemporalAAQuality:1                ; more stable temporal accumulation]]
[2022.01.31-12.39.06:777][  0]LogConfig: Setting CVar [[r.DOF.Kernel.MaxForegroundRadius:0.025]]
[2022.01.31-12.39.06:777][  0]LogConfig: Setting CVar [[r.DOF.Kernel.MaxBackgroundRadius:0.025]]
[2022.01.31-12.39.06:777][  0]LogConfig: Applying CVar settings from Section [TextureQuality@3] File [E:/MurderMystery_2.0/Team-I/Murder_Mystery/Saved/Config/Windows/Scalability.ini]
[2022.01.31-12.39.06:777][  0]LogConfig: Setting CVar [[r.Streaming.MipBias:0]]
[2022.01.31-12.39.06:777][  0]LogConfig: Setting CVar [[r.Streaming.AmortizeCPUToGPUCopy:0]]
[2022.01.31-12.39.06:777][  0]LogConfig: Setting CVar [[r.Streaming.MaxNumTexturesToStreamPerFrame:0]]
[2022.01.31-12.39.06:777][  0]LogConfig: Setting CVar [[r.Streaming.Boost:1]]
[2022.01.31-12.39.06:777][  0]LogConfig: Setting CVar [[r.MaxAnisotropy:8]]
[2022.01.31-12.39.06:777][  0]LogConfig: Setting CVar [[r.VT.MaxAnisotropy:8]]
[2022.01.31-12.39.06:777][  0]LogConfig: Setting CVar [[r.Streaming.LimitPoolSizeToVRAM:0]]
[2022.01.31-12.39.06:777][  0]LogConfig: Setting CVar [[r.Streaming.PoolSize:5000]]
[2022.01.31-12.39.06:777][  0]LogConfig: Setting CVar [[r.Streaming.MaxEffectiveScreenSize:0]]
[2022.01.31-12.39.06:777][  0]LogConfig: Applying CVar settings from Section [EffectsQuality@3] File [E:/MurderMystery_2.0/Team-I/Murder_Mystery/Saved/Config/Windows/Scalability.ini]
[2022.01.31-12.39.06:777][  0]LogConfig: Setting CVar [[r.TranslucencyLightingVolumeDim:64]]
[2022.01.31-12.39.06:777][  0]LogConfig: Setting CVar [[r.RefractionQuality:2]]
[2022.01.31-12.39.06:777][  0]LogConfig: Setting CVar [[r.SSR.Quality:3]]
[2022.01.31-12.39.06:777][  0]LogConfig: Setting CVar [[r.SSR.HalfResSceneColor:0]]
[2022.01.31-12.39.06:777][  0]LogConfig: Setting CVar [[r.SceneColorFormat:4]]
[2022.01.31-12.39.06:777][  0]LogConfig: Setting CVar [[r.DetailMode:2]]
[2022.01.31-12.39.06:777][  0]LogConfig: Setting CVar [[r.TranslucencyVolumeBlur:1]]
[2022.01.31-12.39.06:777][  0]LogConfig: Setting CVar [[r.MaterialQualityLevel:1 ; High quality]]
[2022.01.31-12.39.06:777][  0]LogConfig: Setting CVar [[r.AnisotropicMaterials:1]]
[2022.01.31-12.39.06:777][  0]LogConfig: Setting CVar [[r.SSS.Scale:1]]
[2022.01.31-12.39.06:777][  0]LogConfig: Setting CVar [[r.SSS.SampleSet:2]]
[2022.01.31-12.39.06:777][  0]LogConfig: Setting CVar [[r.SSS.Quality:1]]
[2022.01.31-12.39.06:777][  0]LogConfig: Setting CVar [[r.SSS.HalfRes:0]]
[2022.01.31-12.39.06:777][  0]LogConfig: Setting CVar [[r.SSGI.Quality:3]]
[2022.01.31-12.39.06:777][  0]LogConfig: Setting CVar [[r.EmitterSpawnRateScale:1.0]]
[2022.01.31-12.39.06:777][  0]LogConfig: Setting CVar [[r.ParticleLightQuality:2]]
[2022.01.31-12.39.06:777][  0]LogConfig: Setting CVar [[r.SkyAtmosphere.AerialPerspectiveLUT.FastApplyOnOpaque:1 ; Always have FastSkyLUT 1 in this case to avoid wrong sky]]
[2022.01.31-12.39.06:777][  0]LogConfig: Setting CVar [[r.SkyAtmosphere.AerialPerspectiveLUT.SampleCountMaxPerSlice:4]]
[2022.01.31-12.39.06:777][  0]LogConfig: Setting CVar [[r.SkyAtmosphere.AerialPerspectiveLUT.DepthResolution:16.0]]
[2022.01.31-12.39.06:777][  0]LogConfig: Setting CVar [[r.SkyAtmosphere.FastSkyLUT:1]]
[2022.01.31-12.39.06:777][  0]LogConfig: Setting CVar [[r.SkyAtmosphere.FastSkyLUT.SampleCountMin:4.0]]
[2022.01.31-12.39.06:777][  0]LogConfig: Setting CVar [[r.SkyAtmosphere.FastSkyLUT.SampleCountMax:128.0]]
[2022.01.31-12.39.06:777][  0]LogConfig: Setting CVar [[r.SkyAtmosphere.SampleCountMin:4.0]]
[2022.01.31-12.39.06:777][  0]LogConfig: Setting CVar [[r.SkyAtmosphere.SampleCountMax:128.0]]
[2022.01.31-12.39.06:777][  0]LogConfig: Setting CVar [[r.SkyAtmosphere.TransmittanceLUT.UseSmallFormat:0]]
[2022.01.31-12.39.06:777][  0]LogConfig: Setting CVar [[r.SkyAtmosphere.TransmittanceLUT.SampleCount:10.0]]
[2022.01.31-12.39.06:777][  0]LogConfig: Setting CVar [[r.SkyAtmosphere.MultiScatteringLUT.SampleCount:15.0]]
[2022.01.31-12.39.06:777][  0]LogConfig: Setting CVar [[r.SkyLight.RealTimeReflectionCapture:1]]
[2022.01.31-12.39.06:777][  0]LogConfig: Applying CVar settings from Section [FoliageQuality@3] File [E:/MurderMystery_2.0/Team-I/Murder_Mystery/Saved/Config/Windows/Scalability.ini]
[2022.01.31-12.39.06:777][  0]LogConfig: Setting CVar [[foliage.DensityScale:1.0]]
[2022.01.31-12.39.06:777][  0]LogConfig: Setting CVar [[grass.DensityScale:1.0]]
[2022.01.31-12.39.06:777][  0]LogConfig: Applying CVar settings from Section [ShadingQuality@3] File [E:/MurderMystery_2.0/Team-I/Murder_Mystery/Saved/Config/Windows/Scalability.ini]
[2022.01.31-12.39.06:777][  0]LogConfig: Setting CVar [[r.HairStrands.SkyLighting.IntegrationType:2]]
[2022.01.31-12.39.06:777][  0]LogConfig: Setting CVar [[r.HairStrands.SkyAO.SampleCount:4]]
[2022.01.31-12.39.06:777][  0]LogConfig: Setting CVar [[r.HairStrands.Visibility.MSAA.SamplePerPixel:4]]
[2022.01.31-12.39.06:777][  0]LogConfig: Applying CVar settings from Section [Startup] File [../../../Engine/Config/ConsoleVariables.ini]
[2022.01.31-12.39.06:777][  0]LogConfig: Setting CVar [[net.UseAdaptiveNetUpdateFrequency:0]]
[2022.01.31-12.39.06:778][  0]LogConfig: Setting CVar [[p.chaos.AllowCreatePhysxBodies:1]]
[2022.01.31-12.39.06:778][  0]LogConfig: Setting CVar [[fx.SkipVectorVMBackendOptimizations:1]]
[2022.01.31-12.39.06:778][  0]LogConfig: Applying CVar settings from Section [ConsoleVariables] File [E:/MurderMystery_2.0/Team-I/Murder_Mystery/Saved/Config/Windows/Engine.ini]
[2022.01.31-12.39.06:778][  0]LogConfig: Applying CVar settings from Section [ConsoleVariables] File [E:/MurderMystery_2.0/Team-I/Murder_Mystery/Saved/Config/Windows/Editor.ini]
[2022.01.31-12.39.06:778][  0]LogInit: Computer: DESKTOP-LH8ETJN
[2022.01.31-12.39.06:778][  0]LogInit: User: mat91
[2022.01.31-12.39.06:778][  0]LogInit: CPU Page size=4096, Cores=32
[2022.01.31-12.39.06:778][  0]LogInit: High frequency timer resolution =10.000000 MHz
[2022.01.31-12.39.06:778][  0]LogMemory: Memory total: Physical=127.9GB (128GB approx)
[2022.01.31-12.39.06:778][  0]LogMemory: Platform Memory Stats for Windows
[2022.01.31-12.39.06:778][  0]LogMemory: Process Physical Memory: 157.97 MB used, 157.98 MB peak
[2022.01.31-12.39.06:778][  0]LogMemory: Process Virtual Memory: 143.71 MB used, 143.71 MB peak
[2022.01.31-12.39.06:778][  0]LogMemory: Physical Memory: 14114.55 MB used,  116831.46 MB free, 130946.01 MB total
[2022.01.31-12.39.06:778][  0]LogMemory: Virtual Memory: 134084816.00 MB used,  132915.11 MB free, 134217728.00 MB total
[2022.01.31-12.39.06:783][  0]LogWindows: WindowsPlatformFeatures enabled
[2022.01.31-12.39.06:826][  0]LogInit: Physics initialised using underlying interface: PhysX
[2022.01.31-12.39.06:828][  0]LogInit: Using OS detected language (en-GB).
[2022.01.31-12.39.06:828][  0]LogInit: Using OS detected locale (en-GB).
[2022.01.31-12.39.06:834][  0]LogTextLocalizationManager: No specific localization for 'en-GB' exists, so the 'en' localization will be used.
[2022.01.31-12.39.06:989][  0]LogInit: Setting process to per monitor DPI aware
[2022.01.31-12.39.07:018][  0]LogWindowsTextInputMethodSystem: Display: IME system deactivated.
[2022.01.31-12.39.07:036][  0]LogSlate: New Slate User Created.  User Index 0, Is Virtual User: 0
[2022.01.31-12.39.07:036][  0]LogSlate: Slate User Registered.  User Index 0, Is Virtual User: 0
[2022.01.31-12.39.07:166][  0]LogD3D11RHI: Loaded GFSDK_Aftermath_Lib.x64.dll
[2022.01.31-12.39.07:169][  0]LogHMD: Failed to initialize OpenVR with code 110
[2022.01.31-12.39.07:169][  0]LogD3D11RHI: D3D11 min allowed feature level: 11_0
[2022.01.31-12.39.07:169][  0]LogD3D11RHI: D3D11 max allowed feature level: 11_0
[2022.01.31-12.39.07:169][  0]LogD3D11RHI: D3D11 adapters:
[2022.01.31-12.39.07:270][  0]LogD3D11RHI:    0. 'NVIDIA GeForce RTX 3090' (Feature Level 11_0)
[2022.01.31-12.39.07:270][  0]LogD3D11RHI:       24348/0/65473 MB DedicatedVideo/DedicatedSystem/SharedSystem, Outputs:2, VendorId:0x10de
[2022.01.31-12.39.07:274][  0]LogD3D11RHI:    1. 'Microsoft Basic Render Driver' (Feature Level 11_0)
[2022.01.31-12.39.07:274][  0]LogD3D11RHI:       0/0/65473 MB DedicatedVideo/DedicatedSystem/SharedSystem, Outputs:0, VendorId:0x1414
[2022.01.31-12.39.07:274][  0]LogD3D11RHI: Chosen D3D11 Adapter:
[2022.01.31-12.39.07:274][  0]LogD3D11RHI:     Description : NVIDIA GeForce RTX 3090
[2022.01.31-12.39.07:274][  0]LogD3D11RHI:     VendorId    : 10de
[2022.01.31-12.39.07:274][  0]LogD3D11RHI:     DeviceId    : 2204
[2022.01.31-12.39.07:274][  0]LogD3D11RHI:     SubSysId    : 161319da
[2022.01.31-12.39.07:274][  0]LogD3D11RHI:     Revision    : 00a1
[2022.01.31-12.39.07:274][  0]LogD3D11RHI:     DedicatedVideoMemory : 25530728448 bytes
[2022.01.31-12.39.07:274][  0]LogD3D11RHI:     DedicatedSystemMemory : 0 bytes
[2022.01.31-12.39.07:274][  0]LogD3D11RHI:     SharedSystemMemory : 68653420544 bytes
[2022.01.31-12.39.07:274][  0]LogD3D11RHI:     AdapterLuid : 0 86993
[2022.01.31-12.39.07:284][  0]LogD3D11RHI: Creating new Direct3DDevice
[2022.01.31-12.39.07:284][  0]LogD3D11RHI:     GPU DeviceId: 0x2204 (for the marketing name, search the web for "GPU Device Id")
[2022.01.31-12.39.07:284][  0]LogWindows: EnumDisplayDevices:
[2022.01.31-12.39.07:284][  0]LogWindows:    0. 'NVIDIA GeForce RTX 3090' (P:0 D:1)
[2022.01.31-12.39.07:284][  0]LogWindows:    1. 'NVIDIA GeForce RTX 3090' (P:1 D:1)
[2022.01.31-12.39.07:284][  0]LogWindows:    2. 'NVIDIA GeForce RTX 3090' (P:0 D:0)
[2022.01.31-12.39.07:284][  0]LogWindows:    3. 'NVIDIA GeForce RTX 3090' (P:0 D:0)
[2022.01.31-12.39.07:284][  0]LogWindows: DebugString: FoundDriverCount:4 
[2022.01.31-12.39.07:284][  0]LogD3D11RHI:     Adapter Name: NVIDIA GeForce RTX 3090
[2022.01.31-12.39.07:284][  0]LogD3D11RHI:   Driver Version: 511.23 (internal:30.0.15.1123, unified:511.23)
[2022.01.31-12.39.07:284][  0]LogD3D11RHI:      Driver Date: 1-10-2022
[2022.01.31-12.39.07:284][  0]LogRHI: Texture pool is 17043 MB (70% of 24348 MB)
[2022.01.31-12.39.07:284][  0]LogD3D11RHI: Creating D3DDevice using adapter:
[2022.01.31-12.39.07:284][  0]LogD3D11RHI:     Description : NVIDIA GeForce RTX 3090
[2022.01.31-12.39.07:284][  0]LogD3D11RHI:     VendorId    : 10de
[2022.01.31-12.39.07:284][  0]LogD3D11RHI:     DeviceId    : 2204
[2022.01.31-12.39.07:284][  0]LogD3D11RHI:     SubSysId    : 161319da
[2022.01.31-12.39.07:284][  0]LogD3D11RHI:     Revision    : 00a1
[2022.01.31-12.39.07:285][  0]LogD3D11RHI:     DedicatedVideoMemory : 25530728448 bytes
[2022.01.31-12.39.07:285][  0]LogD3D11RHI:     DedicatedSystemMemory : 0 bytes
[2022.01.31-12.39.07:285][  0]LogD3D11RHI:     SharedSystemMemory : 68653420544 bytes
[2022.01.31-12.39.07:285][  0]LogD3D11RHI:     AdapterLuid : 0 86993
[2022.01.31-12.39.07:352][  0]LogD3D11RHI: RHI has support for 64 bit atomics
[2022.01.31-12.39.07:353][  0]LogD3D11RHI: Async texture creation enabled
[2022.01.31-12.39.07:353][  0]LogD3D11RHI: Array index from any shader is supported
[2022.01.31-12.39.07:376][  0]LogD3D11RHI: GPU Timing Frequency: 1000.000000 (Debug: 2 1)
[2022.01.31-12.39.07:401][  0]LogRHI: GeForceNow SDK initialized: 1
[2022.01.31-12.39.07:691][  0]LogTargetPlatformManager: Display: Loaded TargetPlatform 'AllDesktop'
[2022.01.31-12.39.07:711][  0]LogTargetPlatformManager: Display: Loaded TargetPlatform 'Android'
[2022.01.31-12.39.07:711][  0]LogTargetPlatformManager: Display: Loaded TargetPlatform 'Android_ASTC'
[2022.01.31-12.39.07:711][  0]LogTargetPlatformManager: Display: Loaded TargetPlatform 'Android_DXT'
[2022.01.31-12.39.07:711][  0]LogTargetPlatformManager: Display: Loaded TargetPlatform 'Android_ETC2'
[2022.01.31-12.39.07:711][  0]LogTargetPlatformManager: Display: Loaded TargetPlatform 'AndroidClient'
[2022.01.31-12.39.07:711][  0]LogTargetPlatformManager: Display: Loaded TargetPlatform 'Android_ASTCClient'
[2022.01.31-12.39.07:711][  0]LogTargetPlatformManager: Display: Loaded TargetPlatform 'Android_DXTClient'
[2022.01.31-12.39.07:711][  0]LogTargetPlatformManager: Display: Loaded TargetPlatform 'Android_ETC2Client'
[2022.01.31-12.39.07:711][  0]LogTargetPlatformManager: Display: Loaded TargetPlatform 'Android_Multi'
[2022.01.31-12.39.07:711][  0]LogTargetPlatformManager: Display: Loaded TargetPlatform 'Android_MultiClient'
[2022.01.31-12.39.07:727][  0]LogTargetPlatformManager: Display: Loaded TargetPlatform 'IOSClient'
[2022.01.31-12.39.07:727][  0]LogTargetPlatformManager: Display: Loaded TargetPlatform 'IOS'
[2022.01.31-12.39.07:736][  0]LogTargetPlatformManager: Display: Loaded TargetPlatform 'Linux'
[2022.01.31-12.39.07:740][  0]LogTargetPlatformManager: Display: Loaded TargetPlatform 'LinuxNoEditor'
[2022.01.31-12.39.07:744][  0]LogTargetPlatformManager: Display: Loaded TargetPlatform 'LinuxClient'
[2022.01.31-12.39.07:748][  0]LogTargetPlatformManager: Display: Loaded TargetPlatform 'LinuxServer'
[2022.01.31-12.39.07:756][  0]LogTargetPlatformManager: Display: Loaded TargetPlatform 'LinuxAArch64NoEditor'
[2022.01.31-12.39.07:761][  0]LogTargetPlatformManager: Display: Loaded TargetPlatform 'LinuxAArch64Client'
[2022.01.31-12.39.07:765][  0]LogTargetPlatformManager: Display: Loaded TargetPlatform 'LinuxAArch64Server'
[2022.01.31-12.39.07:786][  0]LogTargetPlatformManager: Display: Loaded TargetPlatform 'Lumin'
[2022.01.31-12.39.07:786][  0]LogTargetPlatformManager: Display: Loaded TargetPlatform 'LuminClient'
[2022.01.31-12.39.07:794][  0]LogTargetPlatformManager: Display: Loaded TargetPlatform 'MacNoEditor'
[2022.01.31-12.39.07:798][  0]LogTargetPlatformManager: Display: Loaded TargetPlatform 'Mac'
[2022.01.31-12.39.07:801][  0]LogTargetPlatformManager: Display: Loaded TargetPlatform 'MacClient'
[2022.01.31-12.39.07:805][  0]LogTargetPlatformManager: Display: Loaded TargetPlatform 'MacServer'
[2022.01.31-12.39.07:814][  0]LogTargetPlatformManager: Display: Loaded TargetPlatform 'TVOSClient'
[2022.01.31-12.39.07:814][  0]LogTargetPlatformManager: Display: Loaded TargetPlatform 'TVOS'
[2022.01.31-12.39.07:822][  0]LogTargetPlatformManager: Display: Loaded TargetPlatform 'WindowsNoEditor'
[2022.01.31-12.39.07:826][  0]LogTargetPlatformManager: Display: Loaded TargetPlatform 'Windows'
[2022.01.31-12.39.07:830][  0]LogTargetPlatformManager: Display: Loaded TargetPlatform 'WindowsClient'
[2022.01.31-12.39.07:834][  0]LogTargetPlatformManager: Display: Loaded TargetPlatform 'WindowsServer'
[2022.01.31-12.39.07:834][  0]LogTargetPlatformManager: Display: Building Assets For Windows
[2022.01.31-12.39.07:841][  0]LogAudioDebug: Display: Lib vorbis DLL was dynamically loaded.
[2022.01.31-12.39.07:874][  0]LogTextureFormatOodle: Display: Oodle Texture 2.9.0 init RDO Off
[2022.01.31-12.39.07:906][  0]LogRendererCore: Ray tracing is disabled. Reason: r.RayTracing=0.
[2022.01.31-12.39.07:906][  0]LogShaderCompilers: Guid format shader working directory is 3 characters bigger than the processId version (E:/MurderMystery_2.0/Team-I/Murder_Mystery/Intermediate/Shaders/WorkingDirectory/57696/).
[2022.01.31-12.39.07:906][  0]LogShaderCompilers: Cleaned the shader compiler working directory 'C:/Users/mat91/AppData/Local/Temp/UnrealShaderWorkingDir/F1ECF21542E6672F454CFF9364ED9DAE/'.
[2022.01.31-12.39.07:906][  0]LogXGEController: Cannot use XGE Controller as Incredibuild is not installed on this machine.
[2022.01.31-12.39.07:906][  0]LogShaderCompilers: Cannot use XGE Shader Compiler as Incredibuild is not installed on this machine.
[2022.01.31-12.39.07:906][  0]LogShaderCompilers: Display: Using Local Shader Compiler.
[2022.01.31-12.39.08:511][  0]LogDerivedDataCache: Display: Max Cache Size: 512 MB
[2022.01.31-12.39.08:555][  0]LogDerivedDataCache: Loaded boot cache 0.04s 94MB C:/Users/mat91/AppData/Local/UnrealEngine/4.27/DerivedDataCache/Boot.ddc.
[2022.01.31-12.39.08:555][  0]LogDerivedDataCache: Display: Loaded Boot cache: C:/Users/mat91/AppData/Local/UnrealEngine/4.27/DerivedDataCache/Boot.ddc
[2022.01.31-12.39.08:555][  0]LogDerivedDataCache: FDerivedDataBackendGraph:  Pak pak cache file E:/MurderMystery_2.0/Team-I/Murder_Mystery/DerivedDataCache/DDC.ddp not found, will not use a pak cache.
[2022.01.31-12.39.08:555][  0]LogDerivedDataCache: Unable to find inner node Pak for hierarchical cache Hierarchy.
[2022.01.31-12.39.08:555][  0]LogDerivedDataCache: FDerivedDataBackendGraph:  CompressedPak pak cache file E:/MurderMystery_2.0/Team-I/Murder_Mystery/DerivedDataCache/Compressed.ddp not found, will not use a pak cache.
[2022.01.31-12.39.08:555][  0]LogDerivedDataCache: Unable to find inner node CompressedPak for hierarchical cache Hierarchy.
[2022.01.31-12.39.08:572][  0]LogDerivedDataCache: Display: Pak cache opened for reading ../../../Engine/DerivedDataCache/Compressed.ddp.
[2022.01.31-12.39.08:572][  0]LogDerivedDataCache: FDerivedDataBackendGraph:  EnterprisePak pak cache file ../../../Enterprise/DerivedDataCache/Compressed.ddp not found, will not use a pak cache.
[2022.01.31-12.39.08:572][  0]LogDerivedDataCache: Unable to find inner node EnterprisePak for hierarchical cache Hierarchy.
[2022.01.31-12.39.08:581][  0]LogDerivedDataCache: Speed tests for C:/Users/mat91/AppData/Local/UnrealEngine/Common/DerivedDataCache took 0.01 seconds
[2022.01.31-12.39.08:582][  0]LogDerivedDataCache: Display: Performance to C:/Users/mat91/AppData/Local/UnrealEngine/Common/DerivedDataCache: Latency=0.04ms. RandomReadSpeed=1293.21MBs, RandomWriteSpeed=109.51MBs. Assigned SpeedClass 'Local'
[2022.01.31-12.39.08:582][  0]LogDerivedDataCache: Using Local data cache path C:/Users/mat91/AppData/Local/UnrealEngine/Common/DerivedDataCache: Writable
[2022.01.31-12.39.08:582][  0]LogDerivedDataCache: Shared data cache path not found in *engine.ini, will not use an Shared cache.
[2022.01.31-12.39.08:582][  0]LogDerivedDataCache: Unable to find inner node Shared for hierarchical cache Hierarchy.
[2022.01.31-12.39.08:622][  0]LogSlate: Using FreeType 2.10.0
[2022.01.31-12.39.08:622][  0]LogSlate: SlateFontServices - WITH_FREETYPE: 1, WITH_HARFBUZZ: 1
[2022.01.31-12.39.08:642][  0]LogAssetRegistry: FAssetRegistry took 0.0028 seconds to start up
[2022.01.31-12.39.08:846][  0]LogInit: Selected Device Profile: [Windows]
[2022.01.31-12.39.08:846][  0]LogInit: Active device profile: [000001ACF78C8D00][000001ACF6C3D180 49] Windows
[2022.01.31-12.39.08:846][  0]LogInit: Profiles: [000001ACF78C8D00][000001ACF6C3D180 49] Windows, [000001ACF788A300][000001ACF33BD300 49] WindowsNoEditor, [000001ACF78C9C00][000001ACF33C1480 49] WindowsServer, [000001ACF788B100][000001ACF33C5600 49] WindowsClient, [000001ACF78CA900][000001ACF466B780 49] IOS, [000001ACF7889A00][000001ACF4673900 49] iPadAir, [000001ACF78CBE00][000001ACF7C85A80 49] iPadAir2, [000001ACF76C1000][000001ACF7CFC1C0 49] IPadPro, [000001ACF76C1100][000001ACF7C8C200 49] iPadAir3, [000001ACF7888C00][000001ACF7D00380 49] iPadAir4, [000001ACF76C1D00][000001ACF7D04500 49] iPadMini2, [000001ACF788B300][000001ACF33B8640 49] iPadMini3, [000001ACF76C3800][000001ACF7E0C780 49] iPadMini4, [000001ACF7889000][000001ACEB1C28C0 49] iPadMini5, [000001ACF76E4A00][000001ACEB1CEB80 49] iPhone6, [000001ACF76E4B00][000001ACEB1CABC0 49] iPodTouch6, [000001ACF78CAD00][000001ACEB1F2E80 49] iPhone7, [000001ACF78CAE00][000001ACEB1EEEC0 49] iPodTouch7, [000001ACF76C2300][000001ACEB201040 49] iPhone5S, [000001ACF78C9000][000001ACEB2051C0 49] iPhone6Plus, [000001ACF76E4100][000001ACEB21F340 49] iPhone6S, [000001ACF76C0300][000001ACE8A0F4C0 49] iPhone6SPlus, [000001ACF76E6900][000001ACE8A57640 49] iPhone7Plus, [000001ACF76C2100][000001ACE8A797C0 49] iPhoneSE, [000001ACF76E6700][000001ACE8A7D940 49] iPhone8, [000001ACF76C0700][000001ACE8A81AC0 49] iPhone8Plus, [000001ACF76E7200][000001ACE8A840C0 49] iPhoneX, [000001ACF78C9500][000001ACF2038240 49] iPhoneXS, [000001ACF76E6C00][000001ACF20443C0 49] iPhoneXSMax, [000001ACF78C9A00][000001ACF2048540 49] iPhoneXR, [000001ACF76E4600][000001ACF204C6C0 49] iPhone11, [000001ACF78CAA00][000001ACEB1C6800 49] iPhone11Pro, [000001ACF76E5B00][000001ACF2050940 49] iPhone11ProMax, [000001ACF78C8F00][000001ACF2054A80 49] iPhoneSE2, [000001ACF76E7B00][000001ACF2058BC0 49] iPhone12Mini, [000001ACF78CA300][000001ACF2060D40 49] iPhone12, [000001ACF76E4C00][000001ACF2064EC0 49] iPhone12Pro, [000001ACF78CBF00][000001ACF2069040 49] iPhone12ProMax, [000001ACF76E5600][000001ACF206D1C0 49] iPadPro105, [000001ACF78C8900][000001ACF2071340 49] iPadPro129, [000001ACF76E7E00][000001ACF20754C0 49] iPadPro97, [000001ACF78CB700][000001ACF2079640 49] iPadPro2_129, [000001ACF76E6D00][000001ACF207D7C0 49] iPad5, [000001ACF78CA100][000001ACF2085940 49] iPad6, [000001ACF76E5200][000001ACF2089AC0 49] iPad7, [000001ACF78C9100][000001ACF208C0C0 49] iPad8, [000001ACF76E4400][000001ACF7FC2240 49] iPadPro11, [000001ACF78C8700][000001ACF7FC63C0 49] iPadPro2_11, [000001ACF76E5700][000001ACF7FD4540 49] iPadPro3_129, [000001ACF78CB800][000001ACF8A146C0 49] iPadPro4_129, [000001ACF76E7300][000001ACF8A24840 49] AppleTV, [000001ACF78CA600][000001ACF205C980 49] AppleTV4K, [000001ACF76E6B00][000001ACF45B8AC0 49] TVOS, [000001ACF78C8A00][000001ACF45D6C00 49] Mac, [000001ACF76E5400][000001ACF4618D40 49] MacClient, [000001ACF78C9D00][000001ACF4620EC0 49] MacNoEditor, [000001ACF76E7600][000001ACF4625040 49] MacServer, [000001ACF78C9200][000001ACF46291C0 49] Linux, [000001ACF76E5D00][000001ACF462D340 49] LinuxAArch64, [000001ACF78CAB00][000001ACF7F6F4C0 49] LinuxNoEditor, [000001ACF76E6400][000001ACF7F73640 49] LinuxAArch64NoEditor, [000001ACF78C8600][000001ACF7F777C0 49] LinuxClient, [000001ACF76E7800][000001ACF7F7B940 49] LinuxAArch64Client, [000001ACF78CA700][000001ACF7F7FAC0 49] LinuxServer, [000001ACF76E6A00][000001ACF7F820C0 49] LinuxAArch64Server, [000001ACF78CB400][000001ACF7F86240 49] Android, [000001ACF76E7400][000001ACF7F8A3C0 49] Android_Low, [000001ACF78C9600][000001ACF7F8E540 49] Android_Mid, [000001ACF76E7900][000001ACF7F926C0 49] Android_High, [000001ACF78CBD00][000001ACF7F96840 49] Android_Default, [000001ACF76E6600][000001ACF7F9A9C0 49] Android_Adreno4xx, [000001ACF78C8E00][000001ACF7F9EB40 49] Android_Adreno5xx_Low, [000001ACF76E5000][000001ACF461CC80 49] Android_Adreno5xx, [000001ACF78C9300][000001ACF7FA2DC0 49] Android_Adreno6xx, [000001ACF7888500][000001ACF7FA6F00 49] Android_Adreno6xx_Vulkan, [000001ACF76C2000][000001ACF7FAF080 49] Android_Mali_T6xx, [000001ACF7888600][000001ACF7FB3200 49] Android_Mali_T7xx, [000001ACF76C0100][000001ACF7FB7380 49] Android_Mali_T8xx, [000001ACF7888100][000001ACF7FBB500 49] Android_Mali_G71, [000001ACF76C3300][000001ACF7C91680 49] Android_Mali_G72, [000001ACF7889500][000001ACF7C95800 49] Android_Mali_G72_Vulkan, [000001ACF76C1700][000001ACF7C99980 49] Android_Mali_G76, [000001ACF788B800][000001ACF7C9DB00 49] Android_Mali_G76_Vulkan, [000001ACF76C2900][000001ACF7CA0100 49] Android_Mali_G77, [000001ACF788BC00][000001ACF7CA4280 49] Android_Mali_G77_Vulkan, [000001ACF76C1500][000001ACF7CA8400 49] Android_Mali_G78, [000001ACF788A200][000001ACF7CAC580 49] Android_Mali_G78_Vulkan, [000001ACF76C0400][000001ACF7CB0700 49] Android_Mali_G710, [000001ACF7888300][000001ACF7CB4880 49] Android_Mali_G710_Vulkan, [000001ACF76C0200][000001ACF7CB8A00 49] Android_Vulkan_SM5, [000001ACF7888700][000001ACF7CBCB80 49] Android_PowerVR_G6xxx, [000001ACF76C2400][000001ACF7CC0D00 49] Android_PowerVR_GT7xxx, [000001ACF788A800][000001ACF7FAAE40 49] Android_PowerVR_GE8xxx, [000001ACF76C1400][000001ACF7CC4F80 49] Android_PowerVR_GM9xxx, [000001ACF7888200][000001ACF7CC90C0 49] Android_PowerVR_GM9xxx_Vulkan, [000001ACF76C2600][000001ACF7CD1240 49] Android_TegraK1, [000001ACF788BA00][000001ACF7CD53C0 49] Android_Unknown_Vulkan, [000001ACF76C3B00][000001ACF7CD9540 49] Lumin, [000001ACF788BF00][000001ACF7CDD6C0 49] Lumin_Desktop, [000001ACF76C0B00][000001ACF7CE1840 49] HoloLens, 
[2022.01.31-12.39.08:965][  0]LogMeshReduction: Using QuadricMeshReduction for automatic static mesh reduction
[2022.01.31-12.39.08:965][  0]LogMeshReduction: Using SimplygonMeshReduction for automatic skeletal mesh reduction
[2022.01.31-12.39.08:965][  0]LogMeshReduction: Using ProxyLODMeshReduction for automatic mesh merging
[2022.01.31-12.39.08:965][  0]LogMeshReduction: No distributed automatic mesh merging module available
[2022.01.31-12.39.08:965][  0]LogMeshMerging: No distributed automatic mesh merging module available
[2022.01.31-12.39.08:982][  0]LogNetVersion: Murder_Mystery 1.0.0, NetCL: 17155196, EngineNetVer: 17, GameNetVer: 0 (Checksum: 1428011717)
[2022.01.31-12.39.09:310][  0]LogTexture: Default maximum texture size for cubemaps generated from long-lat sources has been changed from 512 to unlimited. In order to preserve old behaiour for '/Engine/MapTemplates/Sky/DaylightAmbientCubemap.DaylightAmbientCubemap', its maximum texture size has been explicitly set to 512.
[2022.01.31-12.39.09:357][  0]LogHMD: PokeAHoleMaterial loaded successfully
[2022.01.31-12.39.09:362][  0]LogUObjectArray: 17178 objects as part of root set at end of initial load.
[2022.01.31-12.39.09:362][  0]LogUObjectAllocator: 4302048 out of 0 bytes used by permanent object pool.
[2022.01.31-12.39.09:362][  0]LogUObjectArray: CloseDisregardForGC: 0/0 objects in disregard for GC pool
[2022.01.31-12.39.09:632][  0]LogNiagaraDebuggerClient: Niagara Debugger Client Initialized | Session: 89DB0111422F595FA9D4CAA9E74F3462 | Instance: B2FC06714388A0D52CC613B075CA9C71 (DESKTOP-LH8ETJN-57696).
[2022.01.31-12.39.09:665][  0]LogPython: Using Python 3.7.7
[2022.01.31-12.39.10:184][  0]LogTcpMessaging: Initializing TcpMessaging bridge
[2022.01.31-12.39.10:189][  0]LogUdpMessaging: Initializing bridge on interface 0.0.0.0:0 to multicast group 230.0.0.1:6666.
[2022.01.31-12.39.10:403][  0]SourceControl: Source control is disabled
[2022.01.31-12.39.10:403][  0]SourceControl: Source control is disabled
[2022.01.31-12.39.10:413][  0]SourceControl: Source control is disabled
[2022.01.31-12.39.10:417][  0]SourceControl: Source control is disabled
[2022.01.31-12.39.10:462][  0]SourceControl: Source control is disabled
[2022.01.31-12.39.10:531][  0]LogUProjectInfo: Found projects:
[2022.01.31-12.39.10:566][  0]LogOpenImageDenoise: OIDN starting up
[2022.01.31-12.39.10:608][  0]LogAndroidPermission: UAndroidPermissionCallbackProxy::GetInstance
[2022.01.31-12.39.10:620][  0]LogAudioCaptureCore: Display: No Audio Capture implementations found. Audio input will be silent.
[2022.01.31-12.39.10:620][  0]LogAudioCaptureCore: Display: No Audio Capture implementations found. Audio input will be silent.
[2022.01.31-12.39.10:736][  0]LogCollectionManager: Loaded 0 collections in 0.001783 seconds
[2022.01.31-12.39.10:769][  0]LogFileCache: Scanning file cache for directory 'E:/MurderMystery_2.0/Team-I/Murder_Mystery/Saved/Collections/' took 0.00s
[2022.01.31-12.39.10:769][  0]LogFileCache: Scanning file cache for directory 'E:/MurderMystery_2.0/Team-I/Murder_Mystery/Content/Developers/mat91/Collections/' took 0.00s
[2022.01.31-12.39.10:769][  0]LogFileCache: Scanning file cache for directory 'E:/MurderMystery_2.0/Team-I/Murder_Mystery/Content/Collections/' took 0.00s
[2022.01.31-12.39.10:769][  0]LogOcInput: OculusInput pre-init called
[2022.01.31-12.39.11:185][  0]LogClass: Display: Int8Property FMTSJson::version is not initialized properly. Module:MegascansPlugin File:Private/Utilities/MTSReader.h
[2022.01.31-12.39.11:185][  0]LogClass: Display: Int16Property FMTSJson::resolutionValue is not initialized properly. Module:MegascansPlugin File:Private/Utilities/MTSReader.h
[2022.01.31-12.39.11:185][  0]LogClass: Display: BoolProperty FMTSJson::isExternal is not initialized properly. Module:MegascansPlugin File:Private/Utilities/MTSReader.h
[2022.01.31-12.39.11:185][  0]LogClass: Display: Int8Property FMTSJson::meshVersion is not initialized properly. Module:MegascansPlugin File:Private/Utilities/MTSReader.h
[2022.01.31-12.39.11:185][  0]LogClass: Display: BoolProperty FMTSJson::isCustom is not initialized properly. Module:MegascansPlugin File:Private/Utilities/MTSReader.h
[2022.01.31-12.39.11:185][  0]LogClass: Display: BoolProperty FMTSJson::isModularAsset is not initialized properly. Module:MegascansPlugin File:Private/Utilities/MTSReader.h
[2022.01.31-12.39.11:185][  0]LogClass: Display: Int8Property FLodList::variation is not initialized properly. Module:MegascansPlugin File:Private/Utilities/MTSReader.h
[2022.01.31-12.39.11:185][  0]LogClass: Display: Int16Property FMeshList::resolution is not initialized properly. Module:MegascansPlugin File:Private/Utilities/MTSReader.h
[2022.01.31-12.39.11:185][  0]LogClass: Display: Int16Property FComponents::resolution is not initialized properly. Module:MegascansPlugin File:Private/Utilities/MTSReader.h
[2022.01.31-12.39.11:185][  0]LogClass: Display: BoolProperty FTextureSets::isUdim is not initialized properly. Module:MegascansPlugin File:Private/Utilities/MTSReader.h
[2022.01.31-12.39.11:185][  0]LogClass: Display: BoolProperty FMeta::value is not initialized properly. Module:MegascansPlugin File:Private/Utilities/MTSReader.h
[2022.01.31-12.39.11:185][  0]LogClass: Display: 11 Uninitialized script struct members found including 0 object properties
[2022.01.31-12.39.11:186][  0]LogEngine: Initializing Engine...
[2022.01.31-12.39.11:191][  0]LogHMD: Failed to enumerate extensions. Please check that you have a valid OpenXR runtime installed.
[2022.01.31-12.39.11:191][  0]LogHMD: Failed to initialize OpenVR with code 110
[2022.01.31-12.39.11:191][  0]LogMagicLeap: Warning: VR disabled because ZI is not enabled.  To enable, in the editor, Edit -> Project Settings -> Plugins -> Magic Leap Plugin -> Enable Zero Iteration
[2022.01.31-12.39.11:192][  0]LogStats: UGameplayTagsManager::InitializeManager -  0.000 s
[2022.01.31-12.39.11:283][  0]LogInit: Initializing FReadOnlyCVARCache
[2022.01.31-12.39.11:292][  0]LogAIModule: Creating AISystem for world Untitled
[2022.01.31-12.39.11:295][  0]LogAudio: Display: Initializing Audio Device Manager...
[2022.01.31-12.39.11:298][  0]LogAudio: Display: Loading Default Audio Settings Objects...
[2022.01.31-12.39.11:299][  0]LogAudio: Display: No default SoundConcurrencyObject specified (or failed to load).
[2022.01.31-12.39.11:299][  0]LogAudio: Display: Audio Device Manager Initialized
[2022.01.31-12.39.11:299][  0]LogAudio: Display: Creating Audio Device:                 Id: 1, Scope: Shared, Realtime: True
[2022.01.31-12.39.11:299][  0]LogAudioMixer: Display: Audio Mixer Platform Settings:
[2022.01.31-12.39.11:299][  0]LogAudioMixer: Display: 	Sample Rate:						  48000
[2022.01.31-12.39.11:299][  0]LogAudioMixer: Display: 	Callback Buffer Frame Size Requested: 1024
[2022.01.31-12.39.11:299][  0]LogAudioMixer: Display: 	Callback Buffer Frame Size To Use:	  1024
[2022.01.31-12.39.11:299][  0]LogAudioMixer: Display: 	Number of buffers to queue:			  2
[2022.01.31-12.39.11:299][  0]LogAudioMixer: Display: 	Max Channels (voices):				  32
[2022.01.31-12.39.11:299][  0]LogAudioMixer: Display: 	Number of Async Source Workers:		  0
[2022.01.31-12.39.11:299][  0]LogAudio: Display: AudioDevice MaxSources: 32
[2022.01.31-12.39.11:299][  0]LogAudio: Display: Audio Spatialization Plugin: None (built-in).
[2022.01.31-12.39.11:299][  0]LogAudio: Display: Audio Reverb Plugin: None (built-in).
[2022.01.31-12.39.11:299][  0]LogAudio: Display: Audio Occlusion Plugin: None (built-in).
[2022.01.31-12.39.11:299][  0]LogAudioMixer: Display: Initializing audio mixer.
[2022.01.31-12.39.11:312][  0]LogAudioMixer: Display: 0: FrontLeft
[2022.01.31-12.39.11:312][  0]LogAudioMixer: Display: 1: FrontRight
[2022.01.31-12.39.11:327][  0]LogAudioMixer: Display: Using Audio Device Headset Earphone (Astro MixAmp Pro Voice)
[2022.01.31-12.39.11:329][  0]LogAudioMixer: Display: Initializing Sound Submixes...
[2022.01.31-12.39.11:331][  0]LogAudioMixer: Display: Creating Master Submix 'MasterSubmixDefault'
[2022.01.31-12.39.11:331][  0]LogAudioMixer: Display: Creating Master Submix 'MasterReverbSubmixDefault'
[2022.01.31-12.39.11:331][  0]LogAudioMixer: Display: Creating Master Submix 'MasterEQSubmixDefault'
[2022.01.31-12.39.11:331][  0]LogAudioMixer: FMixerPlatformXAudio2::StartAudioStream() called
[2022.01.31-12.39.11:331][  0]LogAudioMixer: Display: Output buffers initialized: Frames=1024, Channels=2, Samples=2048
[2022.01.31-12.39.11:332][  0]LogAudioMixer: Display: Starting AudioMixerPlatformInterface::RunInternal()
[2022.01.31-12.39.11:332][  0]LogAudioMixer: Display: FMixerPlatformXAudio2::SubmitBuffer() called for the first time
[2022.01.31-12.39.11:332][  0]LogInit: FAudioDevice initialized.
[2022.01.31-12.39.11:332][  0]LogAudio: Display: Audio Device (ID: 1) registered with world 'Untitled'.
[2022.01.31-12.39.11:332][  0]LogNetVersion: Set ProjectVersion to 1.0.0.0. Version Checksum will be recalculated on next use.
[2022.01.31-12.39.11:384][  0]LogDerivedDataCache: Saved boot cache 0.05s 94MB C:/Users/mat91/AppData/Local/UnrealEngine/4.27/DerivedDataCache/Boot.ddc.
[2022.01.31-12.39.11:384][  0]LogInit: Texture streaming: Enabled
[2022.01.31-12.39.11:395][  0]LogAnalytics: Display: [UEEditor.Rocket.Release] APIServer = https://datarouter.ol.epicgames.com/. AppVersion = 4.27.2-18319896+++UE4+Release-4.27
[2022.01.31-12.39.11:399][  0]LogEngineSessionManager: EngineSessionManager initialized
[2022.01.31-12.39.11:399][  0]LogEditorSessionSummary: Verbose: Initializing EditorSessionSummaryWriter for editor session tracking
[2022.01.31-12.39.11:403][  0]LogEditorSessionSummary: EditorSessionSummaryWriter initialized
[2022.01.31-12.39.11:456][  0]LogInit: Transaction tracking system initialized
[2022.01.31-12.39.11:476][  0]BlueprintLog: New page: Editor Load
[2022.01.31-12.39.11:538][  0]LocalizationService: Localization service is disabled
[2022.01.31-12.39.11:558][  0]TimingProfiler: Initialize
[2022.01.31-12.39.11:558][  0]TimingProfiler: OnSessionChanged
[2022.01.31-12.39.11:558][  0]LoadingProfiler: Initialize
[2022.01.31-12.39.11:558][  0]LoadingProfiler: OnSessionChanged
[2022.01.31-12.39.11:558][  0]NetworkingProfiler: Initialize
[2022.01.31-12.39.11:558][  0]NetworkingProfiler: OnSessionChanged
[2022.01.31-12.39.11:558][  0]MemoryProfiler: Initialize
[2022.01.31-12.39.11:558][  0]MemoryProfiler: OnSessionChanged
[2022.01.31-12.39.11:717][  0]LogCook: Display: CookSettings for Memory: MemoryMaxUsedVirtual 0MiB, MemoryMaxUsedPhysical 16384MiB, MemoryMinFreeVirtual 0MiB, MemoryMinFreePhysical 1024MiB
[2022.01.31-12.39.11:717][  0]LogCook: Display: Mobile HDR setting 1
[2022.01.31-12.39.11:882][  0]LogFileCache: Scanning file cache for directory 'E:/MurderMystery_2.0/Team-I/Murder_Mystery/Content/' took 0.00s
[2022.01.31-12.39.12:008][  0]LogInit: Display: Engine is initialized. Leaving FEngineLoop::Init()
[2022.01.31-12.39.12:014][  0]SourceControl: Source control is disabled
[2022.01.31-12.39.12:014][  0]LogUnrealEdMisc: Loading editor; pre map load, took 6.287
[2022.01.31-12.39.12:014][  0]Cmd: MAP LOAD FILE="E:/MurderMystery_2.0/Team-I/Murder_Mystery/Content/ThirdPersonBP/Maps/ThirdPersonExampleMap.umap" TEMPLATE=0 SHOWPROGRESS=1 FEATURELEVEL=3
[2022.01.31-12.39.12:014][  0]LightingResults: New page: Lighting Build
[2022.01.31-12.39.12:015][  0]LogWorld: UWorld::CleanupWorld for Untitled, bSessionEnded=true, bCleanupResources=true
[2022.01.31-12.39.12:015][  0]LogSlate: InvalidateAllWidgets triggered.  All widgets were invalidated
[2022.01.31-12.39.12:015][  0]MapCheck: New page: Map Check
[2022.01.31-12.39.12:015][  0]LightingResults: New page: Lighting Build
[2022.01.31-12.39.12:022][  0]LogAudio: Display: Audio Device unregistered from world 'None'.
[2022.01.31-12.39.12:025][  0]LogUObjectHash: Compacting FUObjectHashTables data took   0.79ms
[2022.01.31-12.39.12:100][  0]LogLinker: Warning: [AssetLog] E:\MurderMystery_2.0\Team-I\Murder_Mystery\Content\ThirdPersonBP\Maps\ThirdPersonExampleMap.umap: Failed to load '/Game/ThirdPersonBP/Maps/ThirdPersonExampleMap_BuiltData': Can't find file.
[2022.01.31-12.39.12:101][  0]LogLinker: Warning: [AssetLog] E:\MurderMystery_2.0\Team-I\Murder_Mystery\Content\ThirdPersonBP\Maps\ThirdPersonExampleMap.umap: Failed to load '/Game/ThirdPersonBP/Maps/ThirdPersonExampleMap_BuiltData': Can't find file.
[2022.01.31-12.39.12:104][  0]LogLinker: Warning: [AssetLog] E:\MurderMystery_2.0\Team-I\Murder_Mystery\Content\ThirdPersonBP\Maps\ThirdPersonExampleMap.umap: Failed to load '/Game/ThirdPersonBP/Maps/ThirdPersonExampleMap_BuiltData': Can't find file.
[2022.01.31-12.39.12:105][  0]LogLinker: Warning: Failed to load '/Game/ThirdPersonBP/Maps/ThirdPersonExampleMap_BuiltData': Can't find file.
[2022.01.31-12.39.12:105][  0]LogLinker: Warning: Failed to load '/Game/ThirdPersonBP/Maps/ThirdPersonExampleMap_BuiltData': Can't find file.
[2022.01.31-12.39.12:110][  0]LogLinker: Warning: [AssetLog] E:\MurderMystery_2.0\Team-I\Murder_Mystery\Content\ThirdPersonBP\Maps\ThirdPersonExampleMap.umap: Failed to load '/Game/ThirdPersonBP/Maps/ThirdPersonExampleMap_BuiltData': Can't find file.
[2022.01.31-12.39.12:110][  0]LoadErrors: Failed to load /Game/ThirdPersonBP/Maps/ThirdPersonExampleMap_BuiltData.ThirdPersonExampleMap_BuiltData Referenced by PersistentLevel
[2022.01.31-12.39.12:237][  0]LogAudio: Display: Audio Device (ID: 1) registered with world 'ThirdPersonExampleMap'.
[2022.01.31-12.39.12:238][  0]LogAIModule: Creating AISystem for world ThirdPersonExampleMap
[2022.01.31-12.39.12:246][  0]LogEditorServer: Finished looking for orphan Actors (0.000 secs)
[2022.01.31-12.39.12:267][  0]LogUObjectHash: Compacting FUObjectHashTables data took   0.91ms
[2022.01.31-12.39.12:267][  0]Cmd: MAP CHECKDEP NOCLEARLOG
[2022.01.31-12.39.12:267][  0]MapCheck: Map check complete: 0 Error(s), 0 Warning(s), took 0.116ms to complete.
[2022.01.31-12.39.12:267][  0]LogFileHelpers: Loading map 'ThirdPersonExampleMap' took 0.254
[2022.01.31-12.39.12:269][  0]LogUnrealEdMisc: Total Editor Startup Time, took 6.543
[2022.01.31-12.39.12:427][  0]LogSlate: Updating window title bar state: overlay mode, drag disabled, window buttons hidden, title bar hidden
[2022.01.31-12.39.12:432][  0]LogSlate: Updating window title bar state: overlay mode, drag disabled, window buttons hidden, title bar hidden
[2022.01.31-12.39.12:437][  0]LogSlate: Updating window title bar state: overlay mode, drag disabled, window buttons hidden, title bar hidden
[2022.01.31-12.39.12:442][  0]LogSlate: Updating window title bar state: overlay mode, drag disabled, window buttons hidden, title bar hidden
[2022.01.31-12.39.12:456][  0]LogNativeClassHierarchy: Verbose: Native class hierarchy populated in 0.0092 seconds. Added 3833 classes and 935 folders.
[2022.01.31-12.39.12:458][  0]LogNativeClassHierarchy: Verbose: Native class hierarchy updated for 'WidgetCarousel' in 0.0002 seconds. Added 0 classes and 0 folders.
[2022.01.31-12.39.12:460][  0]LogPakFile: PakFile PrimaryIndexSize=187
[2022.01.31-12.39.12:460][  0]LogPakFile: PakFile PathHashIndexSize=101
[2022.01.31-12.39.12:460][  0]LogPakFile: PakFile FullDirectoryIndexSize=148
[2022.01.31-12.39.12:460][  0]LogShaderLibrary: Display: ShaderCodeLibraryPakFileMountedCallback: PakFile 'C:/Program Files/Epic Games/UE_4.27/FeaturePacks/FP_FirstPerson.upack' (chunk index -1, root 'root:/') mounted
[2022.01.31-12.39.12:460][  0]LogShaderLibrary: Display: ShaderCodeLibraryPakFileMountedCallback: pending pak file info (ChunkID:-1 Root:root:/ File:C:/Program Files/Epic Games/UE_4.27/FeaturePacks/FP_FirstPerson.upack)
[2022.01.31-12.39.12:460][  0]LogPakFile: OnPakFileMounted2Time == 0.000049
[2022.01.31-12.39.12:460][  0]LogPakFile: PakFile PrimaryIndexSize=189
[2022.01.31-12.39.12:460][  0]LogPakFile: PakFile PathHashIndexSize=101
[2022.01.31-12.39.12:460][  0]LogPakFile: PakFile FullDirectoryIndexSize=152
[2022.01.31-12.39.12:460][  0]LogShaderLibrary: Display: ShaderCodeLibraryPakFileMountedCallback: PakFile 'C:/Program Files/Epic Games/UE_4.27/FeaturePacks/FP_FirstPersonBP.upack' (chunk index -1, root 'root:/') mounted
[2022.01.31-12.39.12:460][  0]LogShaderLibrary: Display: ShaderCodeLibraryPakFileMountedCallback: pending pak file info (ChunkID:-1 Root:root:/ File:C:/Program Files/Epic Games/UE_4.27/FeaturePacks/FP_FirstPersonBP.upack)
[2022.01.31-12.39.12:460][  0]LogPakFile: OnPakFileMounted2Time == 0.000032
[2022.01.31-12.39.12:461][  0]LogPakFile: PakFile PrimaryIndexSize=191
[2022.01.31-12.39.12:461][  0]LogPakFile: PakFile PathHashIndexSize=101
[2022.01.31-12.39.12:461][  0]LogPakFile: PakFile FullDirectoryIndexSize=160
[2022.01.31-12.39.12:461][  0]LogShaderLibrary: Display: ShaderCodeLibraryPakFileMountedCallback: PakFile 'C:/Program Files/Epic Games/UE_4.27/FeaturePacks/MobileStarterContent.upack' (chunk index -1, root 'root:/') mounted
[2022.01.31-12.39.12:461][  0]LogShaderLibrary: Display: ShaderCodeLibraryPakFileMountedCallback: pending pak file info (ChunkID:-1 Root:root:/ File:C:/Program Files/Epic Games/UE_4.27/FeaturePacks/MobileStarterContent.upack)
[2022.01.31-12.39.12:461][  0]LogPakFile: OnPakFileMounted2Time == 0.000028
[2022.01.31-12.39.12:461][  0]LogPakFile: PakFile PrimaryIndexSize=185
[2022.01.31-12.39.12:461][  0]LogPakFile: PakFile PathHashIndexSize=101
[2022.01.31-12.39.12:461][  0]LogPakFile: PakFile FullDirectoryIndexSize=148
[2022.01.31-12.39.12:461][  0]LogShaderLibrary: Display: ShaderCodeLibraryPakFileMountedCallback: PakFile 'C:/Program Files/Epic Games/UE_4.27/FeaturePacks/StarterContent.upack' (chunk index -1, root 'root:/') mounted
[2022.01.31-12.39.12:461][  0]LogShaderLibrary: Display: ShaderCodeLibraryPakFileMountedCallback: pending pak file info (ChunkID:-1 Root:root:/ File:C:/Program Files/Epic Games/UE_4.27/FeaturePacks/StarterContent.upack)
[2022.01.31-12.39.12:461][  0]LogPakFile: OnPakFileMounted2Time == 0.000029
[2022.01.31-12.39.12:462][  0]LogPakFile: PakFile PrimaryIndexSize=190
[2022.01.31-12.39.12:462][  0]LogPakFile: PakFile PathHashIndexSize=101
[2022.01.31-12.39.12:462][  0]LogPakFile: PakFile FullDirectoryIndexSize=154
[2022.01.31-12.39.12:462][  0]LogShaderLibrary: Display: ShaderCodeLibraryPakFileMountedCallback: PakFile 'C:/Program Files/Epic Games/UE_4.27/FeaturePacks/TP_2DSideScroller.upack' (chunk index -1, root 'root:/') mounted
[2022.01.31-12.39.12:462][  0]LogShaderLibrary: Display: ShaderCodeLibraryPakFileMountedCallback: pending pak file info (ChunkID:-1 Root:root:/ File:C:/Program Files/Epic Games/UE_4.27/FeaturePacks/TP_2DSideScroller.upack)
[2022.01.31-12.39.12:462][  0]LogPakFile: OnPakFileMounted2Time == 0.000028
[2022.01.31-12.39.12:462][  0]LogPakFile: PakFile PrimaryIndexSize=192
[2022.01.31-12.39.12:462][  0]LogPakFile: PakFile PathHashIndexSize=101
[2022.01.31-12.39.12:462][  0]LogPakFile: PakFile FullDirectoryIndexSize=158
[2022.01.31-12.39.12:462][  0]LogShaderLibrary: Display: ShaderCodeLibraryPakFileMountedCallback: PakFile 'C:/Program Files/Epic Games/UE_4.27/FeaturePacks/TP_2DSideScrollerBP.upack' (chunk index -1, root 'root:/') mounted
[2022.01.31-12.39.12:462][  0]LogShaderLibrary: Display: ShaderCodeLibraryPakFileMountedCallback: pending pak file info (ChunkID:-1 Root:root:/ File:C:/Program Files/Epic Games/UE_4.27/FeaturePacks/TP_2DSideScrollerBP.upack)
[2022.01.31-12.39.12:462][  0]LogPakFile: OnPakFileMounted2Time == 0.000029
[2022.01.31-12.39.12:463][  0]LogPakFile: PakFile PrimaryIndexSize=182
[2022.01.31-12.39.12:463][  0]LogPakFile: PakFile PathHashIndexSize=101
[2022.01.31-12.39.12:463][  0]LogPakFile: PakFile FullDirectoryIndexSize=138
[2022.01.31-12.39.12:463][  0]LogShaderLibrary: Display: ShaderCodeLibraryPakFileMountedCallback: PakFile 'C:/Program Files/Epic Games/UE_4.27/FeaturePacks/TP_Flying.upack' (chunk index -1, root 'root:/') mounted
[2022.01.31-12.39.12:463][  0]LogShaderLibrary: Display: ShaderCodeLibraryPakFileMountedCallback: pending pak file info (ChunkID:-1 Root:root:/ File:C:/Program Files/Epic Games/UE_4.27/FeaturePacks/TP_Flying.upack)
[2022.01.31-12.39.12:463][  0]LogPakFile: OnPakFileMounted2Time == 0.000028
[2022.01.31-12.39.12:463][  0]LogPakFile: PakFile PrimaryIndexSize=184
[2022.01.31-12.39.12:463][  0]LogPakFile: PakFile PathHashIndexSize=101
[2022.01.31-12.39.12:463][  0]LogPakFile: PakFile FullDirectoryIndexSize=142
[2022.01.31-12.39.12:463][  0]LogShaderLibrary: Display: ShaderCodeLibraryPakFileMountedCallback: PakFile 'C:/Program Files/Epic Games/UE_4.27/FeaturePacks/TP_FlyingBP.upack' (chunk index -1, root 'root:/') mounted
[2022.01.31-12.39.12:463][  0]LogShaderLibrary: Display: ShaderCodeLibraryPakFileMountedCallback: pending pak file info (ChunkID:-1 Root:root:/ File:C:/Program Files/Epic Games/UE_4.27/FeaturePacks/TP_FlyingBP.upack)
[2022.01.31-12.39.12:463][  0]LogPakFile: OnPakFileMounted2Time == 0.000028
[2022.01.31-12.39.12:464][  0]LogPakFile: PakFile PrimaryIndexSize=188
[2022.01.31-12.39.12:464][  0]LogPakFile: PakFile PathHashIndexSize=101
[2022.01.31-12.39.12:464][  0]LogPakFile: PakFile FullDirectoryIndexSize=150
[2022.01.31-12.39.12:464][  0]LogShaderLibrary: Display: ShaderCodeLibraryPakFileMountedCallback: PakFile 'C:/Program Files/Epic Games/UE_4.27/FeaturePacks/TP_HandheldARBP.upack' (chunk index -1, root 'root:/') mounted
[2022.01.31-12.39.12:464][  0]LogShaderLibrary: Display: ShaderCodeLibraryPakFileMountedCallback: pending pak file info (ChunkID:-1 Root:root:/ File:C:/Program Files/Epic Games/UE_4.27/FeaturePacks/TP_HandheldARBP.upack)
[2022.01.31-12.39.12:464][  0]LogPakFile: OnPakFileMounted2Time == 0.000028
[2022.01.31-12.39.12:465][  0]LogPakFile: PakFile PrimaryIndexSize=182
[2022.01.31-12.39.12:465][  0]LogPakFile: PakFile PathHashIndexSize=101
[2022.01.31-12.39.12:465][  0]LogPakFile: PakFile FullDirectoryIndexSize=138
[2022.01.31-12.39.12:465][  0]LogShaderLibrary: Display: ShaderCodeLibraryPakFileMountedCallback: PakFile 'C:/Program Files/Epic Games/UE_4.27/FeaturePacks/TP_Puzzle.upack' (chunk index -1, root 'root:/') mounted
[2022.01.31-12.39.12:465][  0]LogShaderLibrary: Display: ShaderCodeLibraryPakFileMountedCallback: pending pak file info (ChunkID:-1 Root:root:/ File:C:/Program Files/Epic Games/UE_4.27/FeaturePacks/TP_Puzzle.upack)
[2022.01.31-12.39.12:465][  0]LogPakFile: OnPakFileMounted2Time == 0.000027
[2022.01.31-12.39.12:465][  0]LogPakFile: PakFile PrimaryIndexSize=184
[2022.01.31-12.39.12:465][  0]LogPakFile: PakFile PathHashIndexSize=101
[2022.01.31-12.39.12:465][  0]LogPakFile: PakFile FullDirectoryIndexSize=142
[2022.01.31-12.39.12:465][  0]LogShaderLibrary: Display: ShaderCodeLibraryPakFileMountedCallback: PakFile 'C:/Program Files/Epic Games/UE_4.27/FeaturePacks/TP_PuzzleBP.upack' (chunk index -1, root 'root:/') mounted
[2022.01.31-12.39.12:465][  0]LogShaderLibrary: Display: ShaderCodeLibraryPakFileMountedCallback: pending pak file info (ChunkID:-1 Root:root:/ File:C:/Program Files/Epic Games/UE_4.27/FeaturePacks/TP_PuzzleBP.upack)
[2022.01.31-12.39.12:465][  0]LogPakFile: OnPakFileMounted2Time == 0.000029
[2022.01.31-12.39.12:466][  0]LogPakFile: PakFile PrimaryIndexSize=183
[2022.01.31-12.39.12:466][  0]LogPakFile: PakFile PathHashIndexSize=101
[2022.01.31-12.39.12:466][  0]LogPakFile: PakFile FullDirectoryIndexSize=140
[2022.01.31-12.39.12:466][  0]LogShaderLibrary: Display: ShaderCodeLibraryPakFileMountedCallback: PakFile 'C:/Program Files/Epic Games/UE_4.27/FeaturePacks/TP_Rolling.upack' (chunk index -1, root 'root:/') mounted
[2022.01.31-12.39.12:466][  0]LogShaderLibrary: Display: ShaderCodeLibraryPakFileMountedCallback: pending pak file info (ChunkID:-1 Root:root:/ File:C:/Program Files/Epic Games/UE_4.27/FeaturePacks/TP_Rolling.upack)
[2022.01.31-12.39.12:466][  0]LogPakFile: OnPakFileMounted2Time == 0.000027
[2022.01.31-12.39.12:466][  0]LogPakFile: PakFile PrimaryIndexSize=185
[2022.01.31-12.39.12:466][  0]LogPakFile: PakFile PathHashIndexSize=101
[2022.01.31-12.39.12:466][  0]LogPakFile: PakFile FullDirectoryIndexSize=144
[2022.01.31-12.39.12:466][  0]LogShaderLibrary: Display: ShaderCodeLibraryPakFileMountedCallback: PakFile 'C:/Program Files/Epic Games/UE_4.27/FeaturePacks/TP_RollingBP.upack' (chunk index -1, root 'root:/') mounted
[2022.01.31-12.39.12:466][  0]LogShaderLibrary: Display: ShaderCodeLibraryPakFileMountedCallback: pending pak file info (ChunkID:-1 Root:root:/ File:C:/Program Files/Epic Games/UE_4.27/FeaturePacks/TP_RollingBP.upack)
[2022.01.31-12.39.12:466][  0]LogPakFile: OnPakFileMounted2Time == 0.000029
[2022.01.31-12.39.12:467][  0]LogPakFile: PakFile PrimaryIndexSize=188
[2022.01.31-12.39.12:467][  0]LogPakFile: PakFile PathHashIndexSize=101
[2022.01.31-12.39.12:467][  0]LogPakFile: PakFile FullDirectoryIndexSize=150
[2022.01.31-12.39.12:467][  0]LogShaderLibrary: Display: ShaderCodeLibraryPakFileMountedCallback: PakFile 'C:/Program Files/Epic Games/UE_4.27/FeaturePacks/TP_SideScroller.upack' (chunk index -1, root 'root:/') mounted
[2022.01.31-12.39.12:467][  0]LogShaderLibrary: Display: ShaderCodeLibraryPakFileMountedCallback: pending pak file info (ChunkID:-1 Root:root:/ File:C:/Program Files/Epic Games/UE_4.27/FeaturePacks/TP_SideScroller.upack)
[2022.01.31-12.39.12:467][  0]LogPakFile: OnPakFileMounted2Time == 0.000028
[2022.01.31-12.39.12:467][  0]LogPakFile: PakFile PrimaryIndexSize=190
[2022.01.31-12.39.12:467][  0]LogPakFile: PakFile PathHashIndexSize=101
[2022.01.31-12.39.12:467][  0]LogPakFile: PakFile FullDirectoryIndexSize=154
[2022.01.31-12.39.12:467][  0]LogShaderLibrary: Display: ShaderCodeLibraryPakFileMountedCallback: PakFile 'C:/Program Files/Epic Games/UE_4.27/FeaturePacks/TP_SideScrollerBP.upack' (chunk index -1, root 'root:/') mounted
[2022.01.31-12.39.12:467][  0]LogShaderLibrary: Display: ShaderCodeLibraryPakFileMountedCallback: pending pak file info (ChunkID:-1 Root:root:/ File:C:/Program Files/Epic Games/UE_4.27/FeaturePacks/TP_SideScrollerBP.upack)
[2022.01.31-12.39.12:467][  0]LogPakFile: OnPakFileMounted2Time == 0.000027
[2022.01.31-12.39.12:468][  0]LogPakFile: PakFile PrimaryIndexSize=187
[2022.01.31-12.39.12:468][  0]LogPakFile: PakFile PathHashIndexSize=101
[2022.01.31-12.39.12:468][  0]LogPakFile: PakFile FullDirectoryIndexSize=148
[2022.01.31-12.39.12:468][  0]LogShaderLibrary: Display: ShaderCodeLibraryPakFileMountedCallback: PakFile 'C:/Program Files/Epic Games/UE_4.27/FeaturePacks/TP_ThirdPerson.upack' (chunk index -1, root 'root:/') mounted
[2022.01.31-12.39.12:468][  0]LogShaderLibrary: Display: ShaderCodeLibraryPakFileMountedCallback: pending pak file info (ChunkID:-1 Root:root:/ File:C:/Program Files/Epic Games/UE_4.27/FeaturePacks/TP_ThirdPerson.upack)
[2022.01.31-12.39.12:468][  0]LogPakFile: OnPakFileMounted2Time == 0.000028
[2022.01.31-12.39.12:468][  0]LogPakFile: PakFile PrimaryIndexSize=189
[2022.01.31-12.39.12:468][  0]LogPakFile: PakFile PathHashIndexSize=101
[2022.01.31-12.39.12:468][  0]LogPakFile: PakFile FullDirectoryIndexSize=152
[2022.01.31-12.39.12:468][  0]LogShaderLibrary: Display: ShaderCodeLibraryPakFileMountedCallback: PakFile 'C:/Program Files/Epic Games/UE_4.27/FeaturePacks/TP_ThirdPersonBP.upack' (chunk index -1, root 'root:/') mounted
[2022.01.31-12.39.12:468][  0]LogShaderLibrary: Display: ShaderCodeLibraryPakFileMountedCallback: pending pak file info (ChunkID:-1 Root:root:/ File:C:/Program Files/Epic Games/UE_4.27/FeaturePacks/TP_ThirdPersonBP.upack)
[2022.01.31-12.39.12:468][  0]LogPakFile: OnPakFileMounted2Time == 0.000029
[2022.01.31-12.39.12:469][  0]LogPakFile: PakFile PrimaryIndexSize=183
[2022.01.31-12.39.12:469][  0]LogPakFile: PakFile PathHashIndexSize=101
[2022.01.31-12.39.12:469][  0]LogPakFile: PakFile FullDirectoryIndexSize=140
[2022.01.31-12.39.12:469][  0]LogShaderLibrary: Display: ShaderCodeLibraryPakFileMountedCallback: PakFile 'C:/Program Files/Epic Games/UE_4.27/FeaturePacks/TP_TopDown.upack' (chunk index -1, root 'root:/') mounted
[2022.01.31-12.39.12:469][  0]LogShaderLibrary: Display: ShaderCodeLibraryPakFileMountedCallback: pending pak file info (ChunkID:-1 Root:root:/ File:C:/Program Files/Epic Games/UE_4.27/FeaturePacks/TP_TopDown.upack)
[2022.01.31-12.39.12:469][  0]LogPakFile: OnPakFileMounted2Time == 0.000034
[2022.01.31-12.39.12:469][  0]LogPakFile: PakFile PrimaryIndexSize=185
[2022.01.31-12.39.12:469][  0]LogPakFile: PakFile PathHashIndexSize=101
[2022.01.31-12.39.12:469][  0]LogPakFile: PakFile FullDirectoryIndexSize=144
[2022.01.31-12.39.12:469][  0]LogShaderLibrary: Display: ShaderCodeLibraryPakFileMountedCallback: PakFile 'C:/Program Files/Epic Games/UE_4.27/FeaturePacks/TP_TopDownBP.upack' (chunk index -1, root 'root:/') mounted
[2022.01.31-12.39.12:469][  0]LogShaderLibrary: Display: ShaderCodeLibraryPakFileMountedCallback: pending pak file info (ChunkID:-1 Root:root:/ File:C:/Program Files/Epic Games/UE_4.27/FeaturePacks/TP_TopDownBP.upack)
[2022.01.31-12.39.12:469][  0]LogPakFile: OnPakFileMounted2Time == 0.000028
[2022.01.31-12.39.12:470][  0]LogPakFile: PakFile PrimaryIndexSize=185
[2022.01.31-12.39.12:470][  0]LogPakFile: PakFile PathHashIndexSize=101
[2022.01.31-12.39.12:470][  0]LogPakFile: PakFile FullDirectoryIndexSize=144
[2022.01.31-12.39.12:470][  0]LogShaderLibrary: Display: ShaderCodeLibraryPakFileMountedCallback: PakFile 'C:/Program Files/Epic Games/UE_4.27/FeaturePacks/TP_TwinStick.upack' (chunk index -1, root 'root:/') mounted
[2022.01.31-12.39.12:470][  0]LogShaderLibrary: Display: ShaderCodeLibraryPakFileMountedCallback: pending pak file info (ChunkID:-1 Root:root:/ File:C:/Program Files/Epic Games/UE_4.27/FeaturePacks/TP_TwinStick.upack)
[2022.01.31-12.39.12:470][  0]LogPakFile: OnPakFileMounted2Time == 0.000029
[2022.01.31-12.39.12:470][  0]LogPakFile: PakFile PrimaryIndexSize=187
[2022.01.31-12.39.12:470][  0]LogPakFile: PakFile PathHashIndexSize=101
[2022.01.31-12.39.12:470][  0]LogPakFile: PakFile FullDirectoryIndexSize=148
[2022.01.31-12.39.12:470][  0]LogShaderLibrary: Display: ShaderCodeLibraryPakFileMountedCallback: PakFile 'C:/Program Files/Epic Games/UE_4.27/FeaturePacks/TP_TwinStickBP.upack' (chunk index -1, root 'root:/') mounted
[2022.01.31-12.39.12:470][  0]LogShaderLibrary: Display: ShaderCodeLibraryPakFileMountedCallback: pending pak file info (ChunkID:-1 Root:root:/ File:C:/Program Files/Epic Games/UE_4.27/FeaturePacks/TP_TwinStickBP.upack)
[2022.01.31-12.39.12:470][  0]LogPakFile: OnPakFileMounted2Time == 0.000027
[2022.01.31-12.39.12:471][  0]LogPakFile: PakFile PrimaryIndexSize=183
[2022.01.31-12.39.12:471][  0]LogPakFile: PakFile PathHashIndexSize=101
[2022.01.31-12.39.12:471][  0]LogPakFile: PakFile FullDirectoryIndexSize=140
[2022.01.31-12.39.12:471][  0]LogShaderLibrary: Display: ShaderCodeLibraryPakFileMountedCallback: PakFile 'C:/Program Files/Epic Games/UE_4.27/FeaturePacks/TP_Vehicle.upack' (chunk index -1, root 'root:/') mounted
[2022.01.31-12.39.12:471][  0]LogShaderLibrary: Display: ShaderCodeLibraryPakFileMountedCallback: pending pak file info (ChunkID:-1 Root:root:/ File:C:/Program Files/Epic Games/UE_4.27/FeaturePacks/TP_Vehicle.upack)
[2022.01.31-12.39.12:471][  0]LogPakFile: OnPakFileMounted2Time == 0.000032
[2022.01.31-12.39.12:471][  0]LogPakFile: PakFile PrimaryIndexSize=186
[2022.01.31-12.39.12:471][  0]LogPakFile: PakFile PathHashIndexSize=101
[2022.01.31-12.39.12:471][  0]LogPakFile: PakFile FullDirectoryIndexSize=146
[2022.01.31-12.39.12:471][  0]LogShaderLibrary: Display: ShaderCodeLibraryPakFileMountedCallback: PakFile 'C:/Program Files/Epic Games/UE_4.27/FeaturePacks/TP_VehicleAdv.upack' (chunk index -1, root 'root:/') mounted
[2022.01.31-12.39.12:471][  0]LogShaderLibrary: Display: ShaderCodeLibraryPakFileMountedCallback: pending pak file info (ChunkID:-1 Root:root:/ File:C:/Program Files/Epic Games/UE_4.27/FeaturePacks/TP_VehicleAdv.upack)
[2022.01.31-12.39.12:471][  0]LogPakFile: OnPakFileMounted2Time == 0.000028
[2022.01.31-12.39.12:472][  0]LogPakFile: PakFile PrimaryIndexSize=188
[2022.01.31-12.39.12:472][  0]LogPakFile: PakFile PathHashIndexSize=101
[2022.01.31-12.39.12:472][  0]LogPakFile: PakFile FullDirectoryIndexSize=150
[2022.01.31-12.39.12:472][  0]LogShaderLibrary: Display: ShaderCodeLibraryPakFileMountedCallback: PakFile 'C:/Program Files/Epic Games/UE_4.27/FeaturePacks/TP_VehicleAdvBP.upack' (chunk index -1, root 'root:/') mounted
[2022.01.31-12.39.12:472][  0]LogShaderLibrary: Display: ShaderCodeLibraryPakFileMountedCallback: pending pak file info (ChunkID:-1 Root:root:/ File:C:/Program Files/Epic Games/UE_4.27/FeaturePacks/TP_VehicleAdvBP.upack)
[2022.01.31-12.39.12:472][  0]LogPakFile: OnPakFileMounted2Time == 0.000033
[2022.01.31-12.39.12:472][  0]LogPakFile: PakFile PrimaryIndexSize=185
[2022.01.31-12.39.12:472][  0]LogPakFile: PakFile PathHashIndexSize=101
[2022.01.31-12.39.12:472][  0]LogPakFile: PakFile FullDirectoryIndexSize=144
[2022.01.31-12.39.12:472][  0]LogShaderLibrary: Display: ShaderCodeLibraryPakFileMountedCallback: PakFile 'C:/Program Files/Epic Games/UE_4.27/FeaturePacks/TP_VehicleBP.upack' (chunk index -1, root 'root:/') mounted
[2022.01.31-12.39.12:472][  0]LogShaderLibrary: Display: ShaderCodeLibraryPakFileMountedCallback: pending pak file info (ChunkID:-1 Root:root:/ File:C:/Program Files/Epic Games/UE_4.27/FeaturePacks/TP_VehicleBP.upack)
[2022.01.31-12.39.12:472][  0]LogPakFile: OnPakFileMounted2Time == 0.000030
[2022.01.31-12.39.12:473][  0]LogPakFile: PakFile PrimaryIndexSize=192
[2022.01.31-12.39.12:473][  0]LogPakFile: PakFile PathHashIndexSize=101
[2022.01.31-12.39.12:473][  0]LogPakFile: PakFile FullDirectoryIndexSize=158
[2022.01.31-12.39.12:473][  0]LogShaderLibrary: Display: ShaderCodeLibraryPakFileMountedCallback: PakFile 'C:/Program Files/Epic Games/UE_4.27/FeaturePacks/TP_VirtualRealityBP.upack' (chunk index -1, root 'root:/') mounted
[2022.01.31-12.39.12:473][  0]LogShaderLibrary: Display: ShaderCodeLibraryPakFileMountedCallback: pending pak file info (ChunkID:-1 Root:root:/ File:C:/Program Files/Epic Games/UE_4.27/FeaturePacks/TP_VirtualRealityBP.upack)
[2022.01.31-12.39.12:473][  0]LogPakFile: OnPakFileMounted2Time == 0.000029
[2022.01.31-12.39.12:532][  0]LogNativeClassHierarchy: Verbose: Native class hierarchy updated for 'AddContentDialog' in 0.0003 seconds. Added 0 classes and 0 folders.
[2022.01.31-12.39.12:533][  0]LogNativeClassHierarchy: Verbose: Native class hierarchy updated for 'SceneOutliner' in 0.0001 seconds. Added 2 classes and 0 folders.
[2022.01.31-12.39.12:599][  0]LogSlate: Took 0.000159 seconds to synchronously load lazily loaded font '../../../Engine/Content/Slate/Fonts/Roboto-Regular.ttf' (155K)
[2022.01.31-12.39.12:600][  0]LogSlate: Took 0.000115 seconds to synchronously load lazily loaded font '../../../Engine/Content/Editor/Slate/Fonts/FontAwesome.ttf' (139K)
[2022.01.31-12.39.12:603][  0]LogSlate: Took 0.000129 seconds to synchronously load lazily loaded font '../../../Engine/Content/Slate/Fonts/Roboto-Bold.ttf' (160K)
[2022.01.31-12.39.12:677][  0]LogRenderer: Reallocating scene render targets to support 1792x1020 Format 10 NumSamples 1 (Frame:1).
[2022.01.31-12.39.12:811][  0]LogNativeClassHierarchy: Verbose: Native class hierarchy updated for 'HierarchicalLODOutliner' in 0.0003 seconds. Added 0 classes and 0 folders.
[2022.01.31-12.39.12:811][  0]LogInput: Warning: Action Jump uses invalid key OculusGo_Left_Trigger_Click.
[2022.01.31-12.39.12:811][  0]LogInput: Warning: Action ResetVR uses invalid key OculusGo_Left_Trackpad_Click.
[2022.01.31-12.39.12:811][  0]LogInput: Warning: Use -RemoveInvalidKeys to remove instances of these keys from the action mapping.
[2022.01.31-12.39.12:811][  0]LogLoad: (Engine Initialization) Total time: 7.08 seconds
[2022.01.31-12.39.12:811][  0]LogLoad: (Engine Initialization) Total Blueprint compile time: 0.00 seconds
[2022.01.31-12.39.12:848][  0]LogAssetRegistry: Asset discovery search completed in 4.2079 seconds
[2022.01.31-12.39.12:853][  0]LogCollectionManager: Fixed up redirectors for 0 collections in 0.000003 seconds (updated 0 objects)
[2022.01.31-12.39.12:855][  0]LogContentStreaming: Texture pool size now 5000 MB
[2022.01.31-12.39.12:968][  0]LogSlate: Took 0.000236 seconds to synchronously load lazily loaded font '../../../Engine/Content/Slate/Fonts/DroidSansMono.ttf' (77K)
[2022.01.31-12.39.15:231][261]LogSlate: Window 'Message Log' being destroyed
[2022.01.31-12.39.15:241][261]LogSlate: Window 'Message Log' being destroyed
[2022.01.31-12.39.26:196][490]LogActorFactory: Actor Factory created Sphere
[2022.01.31-12.39.27:815][620]LogActorFactory: Actor Factory created Sphere
[2022.01.31-12.39.29:601][825]LogEditorViewport: Clicking on Actor (LMB): StaticMeshActor (Wall7)
[2022.01.31-12.39.30:818][966]LogSlate: Took 0.000127 seconds to synchronously load lazily loaded font '../../../Engine/Content/Slate/Fonts/Roboto-Light.ttf' (167K)
[2022.01.31-12.39.30:853][966]LogUObjectHash: Compacting FUObjectHashTables data took   0.68ms
[2022.01.31-12.39.30:872][966]LogSavePackage: Moving 'E:/MurderMystery_2.0/Team-I/Murder_Mystery/Saved/ThirdPersonExampleMap1E83C6E04CA67E27C513FAB2F8EDC30C.tmp' to 'E:/MurderMystery_2.0/Team-I/Murder_Mystery/Content/ThirdPersonBP/Maps/ThirdPersonExampleMap.umap'
[2022.01.31-12.39.30:897][966]AssetCheck: New page: Asset Save: ThirdPersonExampleMap
[2022.01.31-12.39.30:898][966]LogContentValidation: Display: Validating World /Game/ThirdPersonBP/Maps/ThirdPersonExampleMap.ThirdPersonExampleMap
